<!DOCTYPE html PUBLIC "-//W3C//DTD XHTML 1.1//EN" "http://www.w3.org/TR/xhtml11/DTD/xhtml11.dtd">
<html xmlns="http://www.w3.org/1999/xhtml">
<head>
<meta http-equiv="content-type" content="text/html; charset=UTF-8"/>
<title>TestNG Report</title>
<style type="text/css">table {margin-bottom:10px;border-collapse:collapse;empty-cells:show}th,td {border:1px solid #009;padding:.25em .5em}th {vertical-align:bottom}td {vertical-align:top}table a {font-weight:bold}.stripe td {background-color: #E6EBF9}.num {text-align:right}.passedodd td {background-color: #3F3}.passedeven td {background-color: #0A0}.skippedodd td {background-color: #DDD}.skippedeven td {background-color: #CCC}.failedodd td,.attn {background-color: #F33}.failedeven td,.stripe .attn {background-color: #D00}.stacktrace {white-space:pre;font-family:monospace}.totop {font-size:85%;text-align:center;border-bottom:2px solid #000}.invisible {display:none}</style>
</head>
<body>
<table>
<tr><th>Test</th><th># Passed</th><th># Skipped</th><th># Failed</th><th>Time (ms)</th><th>Included Groups</th><th>Excluded Groups</th></tr>
<tr><th colspan="7">Suite</th></tr>
<tr><td><a href="#t0">Test</a></td><td class="num">0</td><td class="num">0</td><td class="num attn">5</td><td class="num">100,559</td><td></td><td></td></tr>
</table>
<table id='summary'><thead><tr><th>Class</th><th>Method</th><th>Start</th><th>Time (ms)</th></tr></thead><tbody><tr><th colspan="4">Suite</th></tr></tbody><tbody id="t0"><tr><th colspan="4">Test &#8212; failed</th></tr><tr class="failedeven"><td rowspan="1">com.common.qa.testcases.DCTQuickQuoteTest1</td><td><a href="#m0">QuickQuoteFlowTest1</a></td><td rowspan="1">1628588848639</td><td rowspan="1">27962</td></tr><tr class="failedodd"><td rowspan="1">com.common.qa.testcases.DCTQuickQuoteTest2</td><td><a href="#m1">QuickQuoteFlowTest2</a></td><td rowspan="1">1628588849027</td><td rowspan="1">26885</td></tr><tr class="failedeven"><td rowspan="1">com.common.qa.testcases.DCTQuickQuoteTest3</td><td><a href="#m2">QuickQuoteFlowTest3</a></td><td rowspan="1">1628588881754</td><td rowspan="1">28289</td></tr><tr class="failedodd"><td rowspan="1">com.common.qa.testcases.DCTQuickQuoteTest4</td><td><a href="#m3">QuickQuoteFlowTest4</a></td><td rowspan="1">1628588884727</td><td rowspan="1">24614</td></tr><tr class="failedeven"><td rowspan="1">com.common.qa.testcases.DCTQuickQuoteTest5</td><td><a href="#m4">QuickQuoteFlowTest5</a></td><td rowspan="1">1628588914457</td><td rowspan="1">23448</td></tr></tbody>
</table>
<h2>Test</h2><h3 id="m0">com.common.qa.testcases.DCTQuickQuoteTest1#QuickQuoteFlowTest1</h3><table class="result"><tr class="param"><th>Parameter #1</th></tr><tr class="param stripe"><td>{=, NatureOfPaymentCardProcessingExposure_comment=, FinancialCondition_value=0.5, NatureOfPaymentCardProcessingExposure_value=, nyftz=yes, produceremail=crum@test.com, extracoveragecomment=test, insuredcontactemail=test@email.com, YearEstablished=2000, insuredaddress=23, St taken, policyterm=1 Year, Natureofcontent_value=, claimhistorycommants=testing, state=NY, MaturityOfBusiness_value=0.5, ransomwaresublimitliability=1000, zip=14804, PrivacyandSecurityControls_comment=, ParticipationInRiskControlProgram_value=, ecrimelosssubmitofliability=, fraudulentinvoice=no, noofclaims=1, TerritoryofOperations_value=, testname=QuickQuoteFlowTest1, ecrime=yes, execute=yes, producercontact=1234567891, guidelinedeductible=, domain=www, TerritoryofOperations_comment=, QualityOfManagement_comment=test, ParticipationInRiskControlProgram_comment=, amountpaid=1000, FinancialCondition_comment=test, insuredcontactphone=111-222-3333, additionalcoveragedescription=testing, advancedriskcontrolcomment=advanced risk control test, status=Open, MaturityOfBusiness_comment=testing, lossdate=06/30/2021, dependentbusinesssubmitofliability=, effectivedateTBD=no, NatureOfReputationalRiskExposure_value=, city=New York, accounttype=New, underwritercomment=ok, multimediacoverage=yes, ratablerevenue=10000, effectivedate=6/14/2021, priorclaimlossdate=7/7/2021, ScheduleRatingFactor=1, producerrname=Bhuvanesh, standardpremium=1000, continutitydate=6/14/2021, browser=chrome, PrivacyandSecurityControls_value=, company=Crum &amp; Forster Specialty Insurance Company, commission=20, ratinglevel=Standard, quoteversiondescription=testing, VolumeOfInformationStored_value=, insuredname=test0716, totalincurred=1000, VolumeOfInformationStored_comment=, yearsofpriorcoverage=20, aggregatelimitofliability=$500,000, QualityOfManagement_value=0.4, naicscode=52421X Insurance Brokers, increasesublimits=no, Natureofcontent_comment=, waitingperiod=10, priorclaimhistorystatus=Open, expandedfirstparty=yes, ransomwarecoinsurance=10, limitanddeductibleoption=one, insuredcontactname=bhuvanesh, NatureOfReputationalRiskExposure_comment=, underwriter=Cheryl Shema, coveragepremiun=1000}</td></tr><tr><th>Exception</th></tr><tr><td><div class="stacktrace">org.openqa.selenium.ElementClickInterceptedException: element click intercepted: Element &lt;input id=&quot;f_lE9F9C5F232414B99BAF95414938C036B37_4_1-inputEl&quot; data-ref=&quot;inputEl&quot; type=&quot;text&quot; fieldref=&quot;LineUnderwritingInput.Underwriter&quot; objectref=&quot;lE9F9C5F232414B99BAF95414938C036B&quot; size=&quot;1&quot; name=&quot;f_lE9F9C5F232414B99BAF95414938C036B37_4_1-inputEl&quot; placeholder=&quot;(Select)&quot; aria-hidden=&quot;false&quot; aria-disabled=&quot;false&quot; role=&quot;combobox&quot; aria-haspopup=&quot;true&quot; aria-expanded=&quot;false&quot; aria-owns=&quot;f_lE9F9C5F232414B99BAF95414938C036B37_4_1-inputEl f_lE9F9C5F232414B99BAF95414938C036B37_4_1-picker-listEl&quot; aria-autocomplete=&quot;list&quot; aria-invalid=&quot;false&quot; aria-readonly=&quot;false&quot; aria-describedby=&quot;f_lE9F9C5F232414B99BAF95414938C036B37_4_1-ariaStatusEl&quot; aria-required=&quot;true&quot; class=&quot;x-form-field x-form-required-field x-form-text x-form-text-default &quot; autocomplete=&quot;off&quot; data-componentid=&quot;f_lE9F9C5F232414B99BAF95414938C036B37_4_1&quot;&gt; is not clickable at point (944, 405). Other element would receive the click: &lt;div id=&quot;workbenchToolbar-innerCt&quot; data-ref=&quot;innerCt&quot; role=&quot;presentation&quot; class=&quot;x-box-inner&quot; style=&quot;width: 1125px; height: 22px;&quot;&gt;...&lt;/div&gt;
  (Session info: chrome=92.0.4515.107)
Build info: version: &apos;3.141.59&apos;, revision: &apos;e82be7d358&apos;, time: &apos;2018-11-14T08:17:03&apos;
System info: host: &apos;BSIKAPUNVM1&apos;, ip: &apos;172.18.42.103&apos;, os.name: &apos;Windows 10&apos;, os.arch: &apos;amd64&apos;, os.version: &apos;10.0&apos;, java.version: &apos;1.8.0_221&apos;
Driver info: org.openqa.selenium.chrome.ChromeDriver
Capabilities {acceptInsecureCerts: false, browserName: chrome, browserVersion: 92.0.4515.107, chrome: {chromedriverVersion: 92.0.4515.43 (8c61b7e2989f2..., userDataDir: C:\Users\BSIKAR~1\AppData\L...}, goog:chromeOptions: {debuggerAddress: localhost:55737}, javascriptEnabled: true, networkConnectionEnabled: false, pageLoadStrategy: normal, platform: WINDOWS, platformName: WINDOWS, proxy: Proxy(), setWindowRect: true, strictFileInteractability: false, timeouts: {implicit: 0, pageLoad: 300000, script: 30000}, unhandledPromptBehavior: dismiss and notify, webauthn:extension:credBlob: true, webauthn:extension:largeBlob: true, webauthn:virtualAuthenticators: true}
Session ID: 9509a81322fa6a1052784d093d115c70
	at org.openqa.selenium.remote.http.W3CHttpResponseCodec.createException(W3CHttpResponseCodec.java:187)
	at org.openqa.selenium.remote.http.W3CHttpResponseCodec.decode(W3CHttpResponseCodec.java:122)
	at org.openqa.selenium.remote.http.W3CHttpResponseCodec.decode(W3CHttpResponseCodec.java:49)
	at org.openqa.selenium.remote.HttpCommandExecutor.execute(HttpCommandExecutor.java:158)
	at org.openqa.selenium.remote.service.DriverCommandExecutor.execute(DriverCommandExecutor.java:83)
	at org.openqa.selenium.remote.RemoteWebDriver.execute(RemoteWebDriver.java:552)
	at org.openqa.selenium.remote.RemoteWebElement.execute(RemoteWebElement.java:285)
	at org.openqa.selenium.remote.RemoteWebElement.click(RemoteWebElement.java:84)
	at com.framework.pages.BasePage.sendKeysWithEnter(BasePage.java:57)
	at com.framework.pages.GeneralScreenPage.enterQuickQuoteGenearlInfo(GeneralScreenPage.java:89)
	at com.common.qa.testcases.DCTQuickQuoteTest1.QuickQuoteFlowTest1(DCTQuickQuoteTest1.java:31)
	at java.util.concurrent.FutureTask.run(FutureTask.java:266)
	at java.util.concurrent.Executors$RunnableAdapter.call(Executors.java:511)
	at java.util.concurrent.FutureTask.run(FutureTask.java:266)
	at java.util.concurrent.ThreadPoolExecutor.runWorker(ThreadPoolExecutor.java:1149)
	at java.util.concurrent.ThreadPoolExecutor$Worker.run(ThreadPoolExecutor.java:624)
	at java.lang.Thread.run(Thread.java:748)
... Removed 13 stack frames</div></td></tr></table><p class="totop"><a href="#summary">back to summary</a></p>
<h3 id="m1">com.common.qa.testcases.DCTQuickQuoteTest2#QuickQuoteFlowTest2</h3><table class="result"><tr class="param"><th>Parameter #1</th></tr><tr class="param stripe"><td>{=, NatureOfPaymentCardProcessingExposure_comment=, FinancialCondition_value=0.5, NatureOfPaymentCardProcessingExposure_value=, nyftz=yes, produceremail=crum@test.com, extracoveragecomment=test, insuredcontactemail=test@email.com, YearEstablished=2000, insuredaddress=23, St taken, policyterm=6 Months, Natureofcontent_value=, claimhistorycommants=testing, state=NY, MaturityOfBusiness_value=0.5, ransomwaresublimitliability=1000, zip=14804, PrivacyandSecurityControls_comment=, ParticipationInRiskControlProgram_value=, ecrimelosssubmitofliability=, fraudulentinvoice=no, noofclaims=1, TerritoryofOperations_value=, testname=QuickQuoteFlowTest2, ecrime=yes, execute=yes, producercontact=1234567891, guidelinedeductible=, domain=www, TerritoryofOperations_comment=, QualityOfManagement_comment=, ParticipationInRiskControlProgram_comment=, amountpaid=1000, FinancialCondition_comment=test, insuredcontactphone=111-222-3333, additionalcoveragedescription=testing, advancedriskcontrolcomment=advanced risk control test, status=Open, MaturityOfBusiness_comment=testing, lossdate=06/30/2021, dependentbusinesssubmitofliability=, effectivedateTBD=no, NatureOfReputationalRiskExposure_value=, city=New York, accounttype=New, underwritercomment=ok, multimediacoverage=yes, ratablerevenue=10000, effectivedate=6/14/2021, priorclaimlossdate=7/7/2021, ScheduleRatingFactor=1, producerrname=Bhuvanesh, standardpremium=1000, continutitydate=6/14/2021, browser=chrome, PrivacyandSecurityControls_value=, company=Crum &amp; Forster Specialty Insurance Company, commission=20, ratinglevel=Standard, quoteversiondescription=testing, VolumeOfInformationStored_value=, insuredname=test0716, totalincurred=1000, VolumeOfInformationStored_comment=, yearsofpriorcoverage=20, aggregatelimitofliability=$500,000, QualityOfManagement_value=, naicscode=52421X Insurance Brokers, increasesublimits=no, Natureofcontent_comment=, waitingperiod=10, priorclaimhistorystatus=Close, expandedfirstparty=yes, ransomwarecoinsurance=10, limitanddeductibleoption=one, insuredcontactname=bhuvanesh, NatureOfReputationalRiskExposure_comment=, underwriter=Cheryl Shema, coveragepremiun=1000}</td></tr><tr><th>Exception</th></tr><tr><td><div class="stacktrace">org.openqa.selenium.ElementClickInterceptedException: element click intercepted: Element &lt;input id=&quot;f_l82362BA328C34F07B639E2BD26CC018B37_4_1-inputEl&quot; data-ref=&quot;inputEl&quot; type=&quot;text&quot; fieldref=&quot;LineUnderwritingInput.Underwriter&quot; objectref=&quot;l82362BA328C34F07B639E2BD26CC018B&quot; size=&quot;1&quot; name=&quot;f_l82362BA328C34F07B639E2BD26CC018B37_4_1-inputEl&quot; placeholder=&quot;(Select)&quot; aria-hidden=&quot;false&quot; aria-disabled=&quot;false&quot; role=&quot;combobox&quot; aria-haspopup=&quot;true&quot; aria-expanded=&quot;false&quot; aria-owns=&quot;f_l82362BA328C34F07B639E2BD26CC018B37_4_1-inputEl f_l82362BA328C34F07B639E2BD26CC018B37_4_1-picker-listEl&quot; aria-autocomplete=&quot;list&quot; aria-invalid=&quot;false&quot; aria-readonly=&quot;false&quot; aria-describedby=&quot;f_l82362BA328C34F07B639E2BD26CC018B37_4_1-ariaStatusEl&quot; aria-required=&quot;true&quot; class=&quot;x-form-field x-form-required-field x-form-text x-form-text-default &quot; autocomplete=&quot;off&quot; data-componentid=&quot;f_l82362BA328C34F07B639E2BD26CC018B37_4_1&quot;&gt; is not clickable at point (944, 405). Other element would receive the click: &lt;div id=&quot;workbenchToolbar-innerCt&quot; data-ref=&quot;innerCt&quot; role=&quot;presentation&quot; class=&quot;x-box-inner&quot; style=&quot;width: 1125px; height: 22px;&quot;&gt;...&lt;/div&gt;
  (Session info: chrome=92.0.4515.107)
Build info: version: &apos;3.141.59&apos;, revision: &apos;e82be7d358&apos;, time: &apos;2018-11-14T08:17:03&apos;
System info: host: &apos;BSIKAPUNVM1&apos;, ip: &apos;172.18.42.103&apos;, os.name: &apos;Windows 10&apos;, os.arch: &apos;amd64&apos;, os.version: &apos;10.0&apos;, java.version: &apos;1.8.0_221&apos;
Driver info: org.openqa.selenium.chrome.ChromeDriver
Capabilities {acceptInsecureCerts: false, browserName: chrome, browserVersion: 92.0.4515.107, chrome: {chromedriverVersion: 92.0.4515.43 (8c61b7e2989f2..., userDataDir: C:\Users\BSIKAR~1\AppData\L...}, goog:chromeOptions: {debuggerAddress: localhost:55738}, javascriptEnabled: true, networkConnectionEnabled: false, pageLoadStrategy: normal, platform: WINDOWS, platformName: WINDOWS, proxy: Proxy(), setWindowRect: true, strictFileInteractability: false, timeouts: {implicit: 0, pageLoad: 300000, script: 30000}, unhandledPromptBehavior: dismiss and notify, webauthn:extension:credBlob: true, webauthn:extension:largeBlob: true, webauthn:virtualAuthenticators: true}
Session ID: f7726567543be7a133d2c35934fdf310
	at org.openqa.selenium.remote.http.W3CHttpResponseCodec.createException(W3CHttpResponseCodec.java:187)
	at org.openqa.selenium.remote.http.W3CHttpResponseCodec.decode(W3CHttpResponseCodec.java:122)
	at org.openqa.selenium.remote.http.W3CHttpResponseCodec.decode(W3CHttpResponseCodec.java:49)
	at org.openqa.selenium.remote.HttpCommandExecutor.execute(HttpCommandExecutor.java:158)
	at org.openqa.selenium.remote.service.DriverCommandExecutor.execute(DriverCommandExecutor.java:83)
	at org.openqa.selenium.remote.RemoteWebDriver.execute(RemoteWebDriver.java:552)
	at org.openqa.selenium.remote.RemoteWebElement.execute(RemoteWebElement.java:285)
	at org.openqa.selenium.remote.RemoteWebElement.click(RemoteWebElement.java:84)
	at com.framework.pages.BasePage.sendKeysWithEnter(BasePage.java:57)
	at com.framework.pages.GeneralScreenPage.enterQuickQuoteGenearlInfo(GeneralScreenPage.java:89)
	at com.common.qa.testcases.DCTQuickQuoteTest2.QuickQuoteFlowTest2(DCTQuickQuoteTest2.java:33)
	at java.util.concurrent.FutureTask.run(FutureTask.java:266)
	at java.util.concurrent.Executors$RunnableAdapter.call(Executors.java:511)
	at java.util.concurrent.FutureTask.run(FutureTask.java:266)
	at java.util.concurrent.ThreadPoolExecutor.runWorker(ThreadPoolExecutor.java:1149)
	at java.util.concurrent.ThreadPoolExecutor$Worker.run(ThreadPoolExecutor.java:624)
	at java.lang.Thread.run(Thread.java:748)
... Removed 13 stack frames</div></td></tr></table><p class="totop"><a href="#summary">back to summary</a></p>
<h3 id="m2">com.common.qa.testcases.DCTQuickQuoteTest3#QuickQuoteFlowTest3</h3><table class="result"><tr class="param"><th>Parameter #1</th></tr><tr class="param stripe"><td>{=, NatureOfPaymentCardProcessingExposure_comment=, FinancialCondition_value=0.5, NatureOfPaymentCardProcessingExposure_value=, nyftz=yes, produceremail=crum@test.com, extracoveragecomment=test, insuredcontactemail=test@email.com, YearEstablished=2000, insuredaddress=23, St taken, policyterm=, Natureofcontent_value=, claimhistorycommants=testing, state=NY, MaturityOfBusiness_value=0.5, ransomwaresublimitliability=1000, zip=14804, PrivacyandSecurityControls_comment=, ParticipationInRiskControlProgram_value=, ecrimelosssubmitofliability=, fraudulentinvoice=no, noofclaims=1, TerritoryofOperations_value=, testname=QuickQuoteFlowTest3, ecrime=yes, execute=yes, producercontact=1234567891, guidelinedeductible=, domain=www, TerritoryofOperations_comment=, QualityOfManagement_comment=test, ParticipationInRiskControlProgram_comment=, amountpaid=1000, FinancialCondition_comment=test, insuredcontactphone=111-222-3333, additionalcoveragedescription=testing, advancedriskcontrolcomment=advanced risk control test, status=Open, MaturityOfBusiness_comment=testing, lossdate=06/30/2021, dependentbusinesssubmitofliability=, effectivedateTBD=yes, NatureOfReputationalRiskExposure_value=, city=New York, accounttype=New, underwritercomment=ok, multimediacoverage=yes, ratablerevenue=10000, effectivedate=, priorclaimlossdate=7/7/2021, ScheduleRatingFactor=1, producerrname=Bhuvanesh, standardpremium=1000, continutitydate=, browser=chrome, PrivacyandSecurityControls_value=, company=Crum &amp; Forster Specialty Insurance Company, commission=20, ratinglevel=Standard, quoteversiondescription=testing, VolumeOfInformationStored_value=, insuredname=test0804, totalincurred=1000, VolumeOfInformationStored_comment=, yearsofpriorcoverage=20, aggregatelimitofliability=$500,000, QualityOfManagement_value=0.4, naicscode=52421X Insurance Brokers, increasesublimits=no, Natureofcontent_comment=, waitingperiod=10, priorclaimhistorystatus=Open, expandedfirstparty=yes, ransomwarecoinsurance=10, limitanddeductibleoption=one, insuredcontactname=bhuvanesh, NatureOfReputationalRiskExposure_comment=, underwriter=Cheryl Shema, coveragepremiun=1000}</td></tr><tr><th>Exception</th></tr><tr><td><div class="stacktrace">org.openqa.selenium.ElementClickInterceptedException: element click intercepted: Element &lt;input id=&quot;f_l16509C73140D48779DE0C0419BA0CD1A37_4_1-inputEl&quot; data-ref=&quot;inputEl&quot; type=&quot;text&quot; fieldref=&quot;LineUnderwritingInput.Underwriter&quot; objectref=&quot;l16509C73140D48779DE0C0419BA0CD1A&quot; size=&quot;1&quot; name=&quot;f_l16509C73140D48779DE0C0419BA0CD1A37_4_1-inputEl&quot; placeholder=&quot;(Select)&quot; aria-hidden=&quot;false&quot; aria-disabled=&quot;false&quot; role=&quot;combobox&quot; aria-haspopup=&quot;true&quot; aria-expanded=&quot;false&quot; aria-owns=&quot;f_l16509C73140D48779DE0C0419BA0CD1A37_4_1-inputEl f_l16509C73140D48779DE0C0419BA0CD1A37_4_1-picker-listEl&quot; aria-autocomplete=&quot;list&quot; aria-invalid=&quot;false&quot; aria-readonly=&quot;false&quot; aria-describedby=&quot;f_l16509C73140D48779DE0C0419BA0CD1A37_4_1-ariaStatusEl&quot; aria-required=&quot;true&quot; class=&quot;x-form-field x-form-required-field x-form-text x-form-text-default &quot; autocomplete=&quot;off&quot; data-componentid=&quot;f_l16509C73140D48779DE0C0419BA0CD1A37_4_1&quot;&gt; is not clickable at point (944, 405). Other element would receive the click: &lt;div id=&quot;workbenchToolbar-innerCt&quot; data-ref=&quot;innerCt&quot; role=&quot;presentation&quot; class=&quot;x-box-inner&quot; style=&quot;width: 1125px; height: 22px;&quot;&gt;...&lt;/div&gt;
  (Session info: chrome=92.0.4515.107)
Build info: version: &apos;3.141.59&apos;, revision: &apos;e82be7d358&apos;, time: &apos;2018-11-14T08:17:03&apos;
System info: host: &apos;BSIKAPUNVM1&apos;, ip: &apos;172.18.42.103&apos;, os.name: &apos;Windows 10&apos;, os.arch: &apos;amd64&apos;, os.version: &apos;10.0&apos;, java.version: &apos;1.8.0_221&apos;
Driver info: org.openqa.selenium.chrome.ChromeDriver
Capabilities {acceptInsecureCerts: false, browserName: chrome, browserVersion: 92.0.4515.107, chrome: {chromedriverVersion: 92.0.4515.43 (8c61b7e2989f2..., userDataDir: C:\Users\BSIKAR~1\AppData\L...}, goog:chromeOptions: {debuggerAddress: localhost:53053}, javascriptEnabled: true, networkConnectionEnabled: false, pageLoadStrategy: normal, platform: WINDOWS, platformName: WINDOWS, proxy: Proxy(), setWindowRect: true, strictFileInteractability: false, timeouts: {implicit: 0, pageLoad: 300000, script: 30000}, unhandledPromptBehavior: dismiss and notify, webauthn:extension:credBlob: true, webauthn:extension:largeBlob: true, webauthn:virtualAuthenticators: true}
Session ID: 2f48c1f8bc19bc237b8e0a8cd66300f6
	at org.openqa.selenium.remote.http.W3CHttpResponseCodec.createException(W3CHttpResponseCodec.java:187)
	at org.openqa.selenium.remote.http.W3CHttpResponseCodec.decode(W3CHttpResponseCodec.java:122)
	at org.openqa.selenium.remote.http.W3CHttpResponseCodec.decode(W3CHttpResponseCodec.java:49)
	at org.openqa.selenium.remote.HttpCommandExecutor.execute(HttpCommandExecutor.java:158)
	at org.openqa.selenium.remote.service.DriverCommandExecutor.execute(DriverCommandExecutor.java:83)
	at org.openqa.selenium.remote.RemoteWebDriver.execute(RemoteWebDriver.java:552)
	at org.openqa.selenium.remote.RemoteWebElement.execute(RemoteWebElement.java:285)
	at org.openqa.selenium.remote.RemoteWebElement.click(RemoteWebElement.java:84)
	at com.framework.pages.BasePage.sendKeysWithEnter(BasePage.java:57)
	at com.framework.pages.GeneralScreenPage.enterQuickQuoteGenearlInfo(GeneralScreenPage.java:89)
	at com.common.qa.testcases.DCTQuickQuoteTest3.QuickQuoteFlowTest3(DCTQuickQuoteTest3.java:31)
	at java.util.concurrent.FutureTask.run(FutureTask.java:266)
	at java.util.concurrent.Executors$RunnableAdapter.call(Executors.java:511)
	at java.util.concurrent.FutureTask.run(FutureTask.java:266)
	at java.util.concurrent.ThreadPoolExecutor.runWorker(ThreadPoolExecutor.java:1149)
	at java.util.concurrent.ThreadPoolExecutor$Worker.run(ThreadPoolExecutor.java:624)
	at java.lang.Thread.run(Thread.java:748)
... Removed 13 stack frames</div></td></tr></table><p class="totop"><a href="#summary">back to summary</a></p>
<h3 id="m3">com.common.qa.testcases.DCTQuickQuoteTest4#QuickQuoteFlowTest4</h3><table class="result"><tr class="param"><th>Parameter #1</th></tr><tr class="param stripe"><td>{=, NatureOfPaymentCardProcessingExposure_comment=, FinancialCondition_value=0.4, NatureOfPaymentCardProcessingExposure_value=, nyftz=yes, produceremail=crum@test.com, extracoveragecomment=test, insuredcontactemail=test@email.com, YearEstablished=2000, insuredaddress=23, St taken, policyterm=1 Year, Natureofcontent_value=, claimhistorycommants=testing, state=NJ, MaturityOfBusiness_value=0.4, ransomwaresublimitliability=1000, zip=14804, PrivacyandSecurityControls_comment=, ParticipationInRiskControlProgram_value=, ecrimelosssubmitofliability=, fraudulentinvoice=no, noofclaims=1, TerritoryofOperations_value=, testname=QuickQuoteFlowTest4, ecrime=yes, execute=yes, producercontact=1234567891, guidelinedeductible=, domain=www, TerritoryofOperations_comment=, QualityOfManagement_comment=test, ParticipationInRiskControlProgram_comment=, amountpaid=1000, FinancialCondition_comment=test, insuredcontactphone=111-222-3333, additionalcoveragedescription=testing, advancedriskcontrolcomment=advanced risk control test, status=Open, MaturityOfBusiness_comment=testing, lossdate=06/30/2021, dependentbusinesssubmitofliability=, effectivedateTBD=no, NatureOfReputationalRiskExposure_value=, city=New York, accounttype=New, underwritercomment=ok, multimediacoverage=yes, ratablerevenue=10000, effectivedate=6/14/2021, priorclaimlossdate=7/7/2021, ScheduleRatingFactor=1, producerrname=Bhuvanesh, standardpremium=1000, continutitydate=6/14/2021, browser=chrome, PrivacyandSecurityControls_value=, company=The North River Insurance Company, commission=20, ratinglevel=Standard, quoteversiondescription=testing, VolumeOfInformationStored_value=, insuredname=test0804, totalincurred=1000, VolumeOfInformationStored_comment=, yearsofpriorcoverage=20, aggregatelimitofliability=$500,000, QualityOfManagement_value=0.4, naicscode=52421X Insurance Brokers, increasesublimits=no, Natureofcontent_comment=, waitingperiod=10, priorclaimhistorystatus=Open, expandedfirstparty=yes, ransomwarecoinsurance=10, limitanddeductibleoption=one, insuredcontactname=bhuvanesh, NatureOfReputationalRiskExposure_comment=, underwriter=Cheryl Shema, coveragepremiun=1000}</td></tr><tr><th>Exception</th></tr><tr><td><div class="stacktrace">org.openqa.selenium.ElementClickInterceptedException: element click intercepted: Element &lt;input id=&quot;f_lE54F651D5A464B72823F3AACAB32030B37_4_1-inputEl&quot; data-ref=&quot;inputEl&quot; type=&quot;text&quot; fieldref=&quot;LineUnderwritingInput.Underwriter&quot; objectref=&quot;lE54F651D5A464B72823F3AACAB32030B&quot; size=&quot;1&quot; name=&quot;f_lE54F651D5A464B72823F3AACAB32030B37_4_1-inputEl&quot; placeholder=&quot;(Select)&quot; aria-hidden=&quot;false&quot; aria-disabled=&quot;false&quot; role=&quot;combobox&quot; aria-haspopup=&quot;true&quot; aria-expanded=&quot;false&quot; aria-owns=&quot;f_lE54F651D5A464B72823F3AACAB32030B37_4_1-inputEl f_lE54F651D5A464B72823F3AACAB32030B37_4_1-picker-listEl&quot; aria-autocomplete=&quot;list&quot; aria-invalid=&quot;false&quot; aria-readonly=&quot;false&quot; aria-describedby=&quot;f_lE54F651D5A464B72823F3AACAB32030B37_4_1-ariaStatusEl&quot; aria-required=&quot;true&quot; class=&quot;x-form-field x-form-required-field x-form-text x-form-text-default &quot; autocomplete=&quot;off&quot; data-componentid=&quot;f_lE54F651D5A464B72823F3AACAB32030B37_4_1&quot;&gt; is not clickable at point (944, 405). Other element would receive the click: &lt;div id=&quot;workbenchToolbar-innerCt&quot; data-ref=&quot;innerCt&quot; role=&quot;presentation&quot; class=&quot;x-box-inner&quot; style=&quot;width: 1125px; height: 22px;&quot;&gt;...&lt;/div&gt;
  (Session info: chrome=92.0.4515.107)
Build info: version: &apos;3.141.59&apos;, revision: &apos;e82be7d358&apos;, time: &apos;2018-11-14T08:17:03&apos;
System info: host: &apos;BSIKAPUNVM1&apos;, ip: &apos;172.18.42.103&apos;, os.name: &apos;Windows 10&apos;, os.arch: &apos;amd64&apos;, os.version: &apos;10.0&apos;, java.version: &apos;1.8.0_221&apos;
Driver info: org.openqa.selenium.chrome.ChromeDriver
Capabilities {acceptInsecureCerts: false, browserName: chrome, browserVersion: 92.0.4515.107, chrome: {chromedriverVersion: 92.0.4515.43 (8c61b7e2989f2..., userDataDir: C:\Users\BSIKAR~1\AppData\L...}, goog:chromeOptions: {debuggerAddress: localhost:49593}, javascriptEnabled: true, networkConnectionEnabled: false, pageLoadStrategy: normal, platform: WINDOWS, platformName: WINDOWS, proxy: Proxy(), setWindowRect: true, strictFileInteractability: false, timeouts: {implicit: 0, pageLoad: 300000, script: 30000}, unhandledPromptBehavior: dismiss and notify, webauthn:extension:credBlob: true, webauthn:extension:largeBlob: true, webauthn:virtualAuthenticators: true}
Session ID: 40a0a7c094d0c751847eac0e46d8a2cb
	at org.openqa.selenium.remote.http.W3CHttpResponseCodec.createException(W3CHttpResponseCodec.java:187)
	at org.openqa.selenium.remote.http.W3CHttpResponseCodec.decode(W3CHttpResponseCodec.java:122)
	at org.openqa.selenium.remote.http.W3CHttpResponseCodec.decode(W3CHttpResponseCodec.java:49)
	at org.openqa.selenium.remote.HttpCommandExecutor.execute(HttpCommandExecutor.java:158)
	at org.openqa.selenium.remote.service.DriverCommandExecutor.execute(DriverCommandExecutor.java:83)
	at org.openqa.selenium.remote.RemoteWebDriver.execute(RemoteWebDriver.java:552)
	at org.openqa.selenium.remote.RemoteWebElement.execute(RemoteWebElement.java:285)
	at org.openqa.selenium.remote.RemoteWebElement.click(RemoteWebElement.java:84)
	at com.framework.pages.BasePage.sendKeysWithEnter(BasePage.java:57)
	at com.framework.pages.GeneralScreenPage.enterQuickQuoteGenearlInfo(GeneralScreenPage.java:89)
	at com.common.qa.testcases.DCTQuickQuoteTest4.QuickQuoteFlowTest4(DCTQuickQuoteTest4.java:36)
	at java.util.concurrent.FutureTask.run(FutureTask.java:266)
	at java.util.concurrent.Executors$RunnableAdapter.call(Executors.java:511)
	at java.util.concurrent.FutureTask.run(FutureTask.java:266)
	at java.util.concurrent.ThreadPoolExecutor.runWorker(ThreadPoolExecutor.java:1149)
	at java.util.concurrent.ThreadPoolExecutor$Worker.run(ThreadPoolExecutor.java:624)
	at java.lang.Thread.run(Thread.java:748)
... Removed 13 stack frames</div></td></tr></table><p class="totop"><a href="#summary">back to summary</a></p>
<h3 id="m4">com.common.qa.testcases.DCTQuickQuoteTest5#QuickQuoteFlowTest5</h3><table class="result"><tr class="param"><th>Parameter #1</th></tr><tr class="param stripe"><td>{=, NatureOfPaymentCardProcessingExposure_comment=, FinancialCondition_value=0.4, NatureOfPaymentCardProcessingExposure_value=, nyftz=yes, produceremail=crum@test.com, extracoveragecomment=test, insuredcontactemail=test@email.com, YearEstablished=2000, insuredaddress=23, St taken, policyterm=1 Year, Natureofcontent_value=, claimhistorycommants=testing, state=NY, MaturityOfBusiness_value=0.4, ransomwaresublimitliability=1000, zip=14804, PrivacyandSecurityControls_comment=, ParticipationInRiskControlProgram_value=, ecrimelosssubmitofliability=, fraudulentinvoice=no, noofclaims=2, TerritoryofOperations_value=, testname=QuickQuoteFlowTest5, ecrime=yes, execute=yes, producercontact=1234567891, guidelinedeductible=, domain=www, TerritoryofOperations_comment=, QualityOfManagement_comment=test, ParticipationInRiskControlProgram_comment=, amountpaid=1000, FinancialCondition_comment=test, insuredcontactphone=111-222-3333, additionalcoveragedescription=testing, advancedriskcontrolcomment=advanced risk control test, status=Open, MaturityOfBusiness_comment=testing, lossdate=06/30/2021, dependentbusinesssubmitofliability=, effectivedateTBD=no, NatureOfReputationalRiskExposure_value=, city=New York, accounttype=New, underwritercomment=ok, multimediacoverage=yes, ratablerevenue=10000, effectivedate=6/14/2021, priorclaimlossdate=7/7/2021, ScheduleRatingFactor=1, producerrname=Bhuvanesh, standardpremium=1000, continutitydate=6/14/2021, browser=chrome, PrivacyandSecurityControls_value=, company=Crum &amp; Forster Specialty Insurance Company, commission=20, ratinglevel=Standard, quoteversiondescription=testing, VolumeOfInformationStored_value=, insuredname=test0804, totalincurred=1000, VolumeOfInformationStored_comment=, yearsofpriorcoverage=20, aggregatelimitofliability=$500,000, QualityOfManagement_value=0.4, naicscode=52421X Insurance Brokers, increasesublimits=no, Natureofcontent_comment=, waitingperiod=10, priorclaimhistorystatus=Open, expandedfirstparty=yes, ransomwarecoinsurance=10, limitanddeductibleoption=one, insuredcontactname=bhuvanesh, NatureOfReputationalRiskExposure_comment=, underwriter=Cheryl Shema, coveragepremiun=1000}</td></tr><tr><th>Exception</th></tr><tr><td><div class="stacktrace">org.openqa.selenium.ElementClickInterceptedException: element click intercepted: Element &lt;input id=&quot;f_lDC6D01C7D85D4A869B180C952D8E2A6137_4_1-inputEl&quot; data-ref=&quot;inputEl&quot; type=&quot;text&quot; fieldref=&quot;LineUnderwritingInput.Underwriter&quot; objectref=&quot;lDC6D01C7D85D4A869B180C952D8E2A61&quot; size=&quot;1&quot; name=&quot;f_lDC6D01C7D85D4A869B180C952D8E2A6137_4_1-inputEl&quot; placeholder=&quot;(Select)&quot; aria-hidden=&quot;false&quot; aria-disabled=&quot;false&quot; role=&quot;combobox&quot; aria-haspopup=&quot;true&quot; aria-expanded=&quot;false&quot; aria-owns=&quot;f_lDC6D01C7D85D4A869B180C952D8E2A6137_4_1-inputEl f_lDC6D01C7D85D4A869B180C952D8E2A6137_4_1-picker-listEl&quot; aria-autocomplete=&quot;list&quot; aria-invalid=&quot;false&quot; aria-readonly=&quot;false&quot; aria-describedby=&quot;f_lDC6D01C7D85D4A869B180C952D8E2A6137_4_1-ariaStatusEl&quot; aria-required=&quot;true&quot; class=&quot;x-form-field x-form-required-field x-form-text x-form-text-default &quot; autocomplete=&quot;off&quot; data-componentid=&quot;f_lDC6D01C7D85D4A869B180C952D8E2A6137_4_1&quot;&gt; is not clickable at point (944, 405). Other element would receive the click: &lt;div id=&quot;workbenchToolbar-innerCt&quot; data-ref=&quot;innerCt&quot; role=&quot;presentation&quot; class=&quot;x-box-inner&quot; style=&quot;width: 1125px; height: 22px;&quot;&gt;...&lt;/div&gt;
  (Session info: chrome=92.0.4515.107)
Build info: version: &apos;3.141.59&apos;, revision: &apos;e82be7d358&apos;, time: &apos;2018-11-14T08:17:03&apos;
System info: host: &apos;BSIKAPUNVM1&apos;, ip: &apos;172.18.42.103&apos;, os.name: &apos;Windows 10&apos;, os.arch: &apos;amd64&apos;, os.version: &apos;10.0&apos;, java.version: &apos;1.8.0_221&apos;
Driver info: org.openqa.selenium.chrome.ChromeDriver
Capabilities {acceptInsecureCerts: false, browserName: chrome, browserVersion: 92.0.4515.107, chrome: {chromedriverVersion: 92.0.4515.43 (8c61b7e2989f2..., userDataDir: C:\Users\BSIKAR~1\AppData\L...}, goog:chromeOptions: {debuggerAddress: localhost:61810}, javascriptEnabled: true, networkConnectionEnabled: false, pageLoadStrategy: normal, platform: WINDOWS, platformName: WINDOWS, proxy: Proxy(), setWindowRect: true, strictFileInteractability: false, timeouts: {implicit: 0, pageLoad: 300000, script: 30000}, unhandledPromptBehavior: dismiss and notify, webauthn:extension:credBlob: true, webauthn:extension:largeBlob: true, webauthn:virtualAuthenticators: true}
Session ID: 77f1b557df753d99fbdfa4f0aced414a
	at org.openqa.selenium.remote.http.W3CHttpResponseCodec.createException(W3CHttpResponseCodec.java:187)
	at org.openqa.selenium.remote.http.W3CHttpResponseCodec.decode(W3CHttpResponseCodec.java:122)
	at org.openqa.selenium.remote.http.W3CHttpResponseCodec.decode(W3CHttpResponseCodec.java:49)
	at org.openqa.selenium.remote.HttpCommandExecutor.execute(HttpCommandExecutor.java:158)
	at org.openqa.selenium.remote.service.DriverCommandExecutor.execute(DriverCommandExecutor.java:83)
	at org.openqa.selenium.remote.RemoteWebDriver.execute(RemoteWebDriver.java:552)
	at org.openqa.selenium.remote.RemoteWebElement.execute(RemoteWebElement.java:285)
	at org.openqa.selenium.remote.RemoteWebElement.click(RemoteWebElement.java:84)
	at com.framework.pages.BasePage.sendKeysWithEnter(BasePage.java:57)
	at com.framework.pages.GeneralScreenPage.enterQuickQuoteGenearlInfo(GeneralScreenPage.java:89)
	at com.common.qa.testcases.DCTQuickQuoteTest5.QuickQuoteFlowTest5(DCTQuickQuoteTest5.java:31)
	at java.util.concurrent.FutureTask.run(FutureTask.java:266)
	at java.util.concurrent.Executors$RunnableAdapter.call(Executors.java:511)
	at java.util.concurrent.FutureTask.run(FutureTask.java:266)
	at java.util.concurrent.ThreadPoolExecutor.runWorker(ThreadPoolExecutor.java:1149)
	at java.util.concurrent.ThreadPoolExecutor$Worker.run(ThreadPoolExecutor.java:624)
	at java.lang.Thread.run(Thread.java:748)
... Removed 13 stack frames</div></td></tr></table><p class="totop"><a href="#summary">back to summary</a></p>
</body>
</html>
