<!DOCTYPE html>

<html>
  <head>
  <meta charset='utf-8'>
  <title>TestNG reports</title>

    <link type="text/css" href="testng-reports.css" rel="stylesheet" />
    <script type="text/javascript" src="jquery-1.7.1.min.js"></script>
    <script type="text/javascript" src="testng-reports.js"></script>
    <script type="text/javascript" src="https://www.google.com/jsapi"></script>
    <script type='text/javascript'>
      google.load('visualization', '1', {packages:['table']});
      google.setOnLoadCallback(drawTable);
      var suiteTableInitFunctions = new Array();
      var suiteTableData = new Array();
    </script>
    <!--
      <script type="text/javascript" src="jquery-ui/js/jquery-ui-1.8.16.custom.min.js"></script>
     -->
  </head>

  <body>
    <div class="top-banner-root">
      <span class="top-banner-title-font">Test results</span>
      <br/>
      <span class="top-banner-font-1">1 suite, 5 failed tests</span>
    </div> <!-- top-banner-root -->
    <div class="navigator-root">
      <div class="navigator-suite-header">
        <span>All suites</span>
        <a href="#" class="collapse-all-link" title="Collapse/expand all the suites">
          <img class="collapse-all-icon" src="collapseall.gif">
          </img> <!-- collapse-all-icon -->
        </a> <!-- collapse-all-link -->
      </div> <!-- navigator-suite-header -->
      <div class="suite">
        <div class="rounded-window">
          <div class="suite-header light-rounded-window-top">
            <a href="#" class="navigator-link" panel-name="suite-Suite">
              <span class="suite-name border-failed">Suite</span>
            </a> <!-- navigator-link -->
          </div> <!-- suite-header light-rounded-window-top -->
          <div class="navigator-suite-content">
            <div class="suite-section-title">
              <span>Info</span>
            </div> <!-- suite-section-title -->
            <div class="suite-section-content">
              <ul>
                <li>
                  <a href="#" class="navigator-link " panel-name="test-xml-Suite">
                    <span>C:\Users\bsikarwar\eclipse-workspace\CyberToDCTAutomation\testng.xml</span>
                  </a> <!-- navigator-link  -->
                </li>
                <li>
                  <a href="#" class="navigator-link " panel-name="testlist-Suite">
                    <span class="test-stats">1 test</span>
                  </a> <!-- navigator-link  -->
                </li>
                <li>
                  <a href="#" class="navigator-link " panel-name="group-Suite">
                    <span>0 groups</span>
                  </a> <!-- navigator-link  -->
                </li>
                <li>
                  <a href="#" class="navigator-link " panel-name="times-Suite">
                    <span>Times</span>
                  </a> <!-- navigator-link  -->
                </li>
                <li>
                  <a href="#" class="navigator-link " panel-name="reporter-Suite">
                    <span>Reporter output</span>
                  </a> <!-- navigator-link  -->
                </li>
                <li>
                  <a href="#" class="navigator-link " panel-name="ignored-methods-Suite">
                    <span>Ignored methods</span>
                  </a> <!-- navigator-link  -->
                </li>
                <li>
                  <a href="#" class="navigator-link " panel-name="chronological-Suite">
                    <span>Chronological view</span>
                  </a> <!-- navigator-link  -->
                </li>
              </ul>
            </div> <!-- suite-section-content -->
            <div class="result-section">
              <div class="suite-section-title">
                <span>Results</span>
              </div> <!-- suite-section-title -->
              <div class="suite-section-content">
                <ul>
                  <li>
                    <span class="method-stats">5 methods, 5 failed,   </span>
                  </li>
                  <li>
                    <span class="method-list-title failed">Failed methods</span>
                    <span class="show-or-hide-methods failed">
                      <a href="#" panel-name="suite-Suite" class="hide-methods failed suite-Suite"> (hide)</a> <!-- hide-methods failed suite-Suite -->
                      <a href="#" panel-name="suite-Suite" class="show-methods failed suite-Suite"> (show)</a> <!-- show-methods failed suite-Suite -->
                    </span>
                    <div class="method-list-content failed suite-Suite">
                      <span>
                        <img width="3%" src="failed.png"/>
                        <a href="#" class="method navigator-link" panel-name="suite-Suite" title="com.common.qa.testcases.DCTQuickQuoteTest1" hash-for-method="QuickQuoteFlowTest1({=, NatureOfPaymentCardProcessingExposure_comment=, FinancialCondition_value=0.5, NatureOfPaymentCar...)">QuickQuoteFlowTest1({=, NatureOfPaymentCardProcessingExposure_comment=, FinancialCondition_value=0.5, NatureOfPaymentCar...)</a> <!-- method navigator-link -->
                      </span>
                      <br/>
                      <span>
                        <img width="3%" src="failed.png"/>
                        <a href="#" class="method navigator-link" panel-name="suite-Suite" title="com.common.qa.testcases.DCTQuickQuoteTest2" hash-for-method="QuickQuoteFlowTest2({=, NatureOfPaymentCardProcessingExposure_comment=, FinancialCondition_value=0.5, NatureOfPaymentCar...)">QuickQuoteFlowTest2({=, NatureOfPaymentCardProcessingExposure_comment=, FinancialCondition_value=0.5, NatureOfPaymentCar...)</a> <!-- method navigator-link -->
                      </span>
                      <br/>
                      <span>
                        <img width="3%" src="failed.png"/>
                        <a href="#" class="method navigator-link" panel-name="suite-Suite" title="com.common.qa.testcases.DCTQuickQuoteTest3" hash-for-method="QuickQuoteFlowTest3({=, NatureOfPaymentCardProcessingExposure_comment=, FinancialCondition_value=0.5, NatureOfPaymentCar...)">QuickQuoteFlowTest3({=, NatureOfPaymentCardProcessingExposure_comment=, FinancialCondition_value=0.5, NatureOfPaymentCar...)</a> <!-- method navigator-link -->
                      </span>
                      <br/>
                      <span>
                        <img width="3%" src="failed.png"/>
                        <a href="#" class="method navigator-link" panel-name="suite-Suite" title="com.common.qa.testcases.DCTQuickQuoteTest4" hash-for-method="QuickQuoteFlowTest4({=, NatureOfPaymentCardProcessingExposure_comment=, FinancialCondition_value=0.4, NatureOfPaymentCar...)">QuickQuoteFlowTest4({=, NatureOfPaymentCardProcessingExposure_comment=, FinancialCondition_value=0.4, NatureOfPaymentCar...)</a> <!-- method navigator-link -->
                      </span>
                      <br/>
                      <span>
                        <img width="3%" src="failed.png"/>
                        <a href="#" class="method navigator-link" panel-name="suite-Suite" title="com.common.qa.testcases.DCTQuickQuoteTest5" hash-for-method="QuickQuoteFlowTest5({=, NatureOfPaymentCardProcessingExposure_comment=, FinancialCondition_value=0.4, NatureOfPaymentCar...)">QuickQuoteFlowTest5({=, NatureOfPaymentCardProcessingExposure_comment=, FinancialCondition_value=0.4, NatureOfPaymentCar...)</a> <!-- method navigator-link -->
                      </span>
                      <br/>
                    </div> <!-- method-list-content failed suite-Suite -->
                  </li>
                </ul>
              </div> <!-- suite-section-content -->
            </div> <!-- result-section -->
          </div> <!-- navigator-suite-content -->
        </div> <!-- rounded-window -->
      </div> <!-- suite -->
    </div> <!-- navigator-root -->
    <div class="wrapper">
      <div class="main-panel-root">
        <div panel-name="suite-Suite" class="panel Suite">
          <div class="suite-Suite-class-failed">
            <div class="main-panel-header rounded-window-top">
              <img src="failed.png"/>
              <span class="class-name">com.common.qa.testcases.DCTQuickQuoteTest5</span>
            </div> <!-- main-panel-header rounded-window-top -->
            <div class="main-panel-content rounded-window-bottom">
              <div class="method">
                <div class="method-content">
                  <a name="QuickQuoteFlowTest5({=, NatureOfPaymentCardProcessingExposure_comment=, FinancialCondition_value=0.4, NatureOfPaymentCar...)">
                  </a> <!-- QuickQuoteFlowTest5({=, NatureOfPaymentCardProcessingExposure_comment=, FinancialCondition_value=0.4, NatureOfPaymentCar...) -->
                  <span class="method-name">QuickQuoteFlowTest5</span>
                  <span class="parameters">({=, NatureOfPaymentCardProcessingExposure_comment=, FinancialCondition_value=0.4, NatureOfPaymentCardProcessingExposure_value=, nyftz=yes, produceremail=crum@test.com, extracoveragecomment=test, insuredcontactemail=test@email.com, YearEstablished=2000, insuredaddress=23, St taken, policyterm=1 Year, Natureofcontent_value=, claimhistorycommants=testing, state=NY, MaturityOfBusiness_value=0.4, ransomwaresublimitliability=1000, zip=14804, PrivacyandSecurityControls_comment=, ParticipationInRiskControlProgram_value=, ecrimelosssubmitofliability=, fraudulentinvoice=no, noofclaims=2, TerritoryofOperations_value=, testname=QuickQuoteFlowTest5, ecrime=yes, execute=yes, producercontact=1234567891, guidelinedeductible=, domain=www, TerritoryofOperations_comment=, QualityOfManagement_comment=test, ParticipationInRiskControlProgram_comment=, amountpaid=1000, FinancialCondition_comment=test, insuredcontactphone=111-222-3333, additionalcoveragedescription=testing, advancedriskcontrolcomment=advanced risk control test, status=Open, MaturityOfBusiness_comment=testing, lossdate=06/30/2021, dependentbusinesssubmitofliability=, effectivedateTBD=no, NatureOfReputationalRiskExposure_value=, city=New York, accounttype=New, underwritercomment=ok, multimediacoverage=yes, ratablerevenue=10000, effectivedate=6/14/2021, priorclaimlossdate=7/7/2021, ScheduleRatingFactor=1, producerrname=Bhuvanesh, standardpremium=1000, continutitydate=6/14/2021, browser=chrome, PrivacyandSecurityControls_value=, company=Crum & Forster Specialty Insurance Company, commission=20, ratinglevel=Standard, quoteversiondescription=testing, VolumeOfInformationStored_value=, insuredname=test0804, totalincurred=1000, VolumeOfInformationStored_comment=, yearsofpriorcoverage=20, aggregatelimitofliability=$500,000, QualityOfManagement_value=0.4, naicscode=52421X Insurance Brokers, increasesublimits=no, Natureofcontent_comment=, waitingperiod=10, priorclaimhistorystatus=Open, expandedfirstparty=yes, ransomwarecoinsurance=10, limitanddeductibleoption=one, insuredcontactname=bhuvanesh, NatureOfReputationalRiskExposure_comment=, underwriter=Cheryl Shema, coveragepremiun=1000})</span>
                  <div class="stack-trace">org.openqa.selenium.ElementClickInterceptedException: element click intercepted: Element &lt;input id=&quot;f_lDC6D01C7D85D4A869B180C952D8E2A6137_4_1-inputEl&quot; data-ref=&quot;inputEl&quot; type=&quot;text&quot; fieldref=&quot;LineUnderwritingInput.Underwriter&quot; objectref=&quot;lDC6D01C7D85D4A869B180C952D8E2A61&quot; size=&quot;1&quot; name=&quot;f_lDC6D01C7D85D4A869B180C952D8E2A6137_4_1-inputEl&quot; placeholder=&quot;(Select)&quot; aria-hidden=&quot;false&quot; aria-disabled=&quot;false&quot; role=&quot;combobox&quot; aria-haspopup=&quot;true&quot; aria-expanded=&quot;false&quot; aria-owns=&quot;f_lDC6D01C7D85D4A869B180C952D8E2A6137_4_1-inputEl f_lDC6D01C7D85D4A869B180C952D8E2A6137_4_1-picker-listEl&quot; aria-autocomplete=&quot;list&quot; aria-invalid=&quot;false&quot; aria-readonly=&quot;false&quot; aria-describedby=&quot;f_lDC6D01C7D85D4A869B180C952D8E2A6137_4_1-ariaStatusEl&quot; aria-required=&quot;true&quot; class=&quot;x-form-field x-form-required-field x-form-text x-form-text-default &quot; autocomplete=&quot;off&quot; data-componentid=&quot;f_lDC6D01C7D85D4A869B180C952D8E2A6137_4_1&quot;&gt; is not clickable at point (944, 405). Other element would receive the click: &lt;div id=&quot;workbenchToolbar-innerCt&quot; data-ref=&quot;innerCt&quot; role=&quot;presentation&quot; class=&quot;x-box-inner&quot; style=&quot;width: 1125px; height: 22px;&quot;&gt;...&lt;/div&gt;
  (Session info: chrome=92.0.4515.107)
Build info: version: &apos;3.141.59&apos;, revision: &apos;e82be7d358&apos;, time: &apos;2018-11-14T08:17:03&apos;
System info: host: &apos;BSIKAPUNVM1&apos;, ip: &apos;172.18.42.103&apos;, os.name: &apos;Windows 10&apos;, os.arch: &apos;amd64&apos;, os.version: &apos;10.0&apos;, java.version: &apos;1.8.0_221&apos;
Driver info: org.openqa.selenium.chrome.ChromeDriver
Capabilities {acceptInsecureCerts: false, browserName: chrome, browserVersion: 92.0.4515.107, chrome: {chromedriverVersion: 92.0.4515.43 (8c61b7e2989f2..., userDataDir: C:\Users\BSIKAR~1\AppData\L...}, goog:chromeOptions: {debuggerAddress: localhost:61810}, javascriptEnabled: true, networkConnectionEnabled: false, pageLoadStrategy: normal, platform: WINDOWS, platformName: WINDOWS, proxy: Proxy(), setWindowRect: true, strictFileInteractability: false, timeouts: {implicit: 0, pageLoad: 300000, script: 30000}, unhandledPromptBehavior: dismiss and notify, webauthn:extension:credBlob: true, webauthn:extension:largeBlob: true, webauthn:virtualAuthenticators: true}
Session ID: 77f1b557df753d99fbdfa4f0aced414a
	at org.openqa.selenium.remote.http.W3CHttpResponseCodec.createException(W3CHttpResponseCodec.java:187)
	at org.openqa.selenium.remote.http.W3CHttpResponseCodec.decode(W3CHttpResponseCodec.java:122)
	at org.openqa.selenium.remote.http.W3CHttpResponseCodec.decode(W3CHttpResponseCodec.java:49)
	at org.openqa.selenium.remote.HttpCommandExecutor.execute(HttpCommandExecutor.java:158)
	at org.openqa.selenium.remote.service.DriverCommandExecutor.execute(DriverCommandExecutor.java:83)
	at org.openqa.selenium.remote.RemoteWebDriver.execute(RemoteWebDriver.java:552)
	at org.openqa.selenium.remote.RemoteWebElement.execute(RemoteWebElement.java:285)
	at org.openqa.selenium.remote.RemoteWebElement.click(RemoteWebElement.java:84)
	at com.framework.pages.BasePage.sendKeysWithEnter(BasePage.java:57)
	at com.framework.pages.GeneralScreenPage.enterQuickQuoteGenearlInfo(GeneralScreenPage.java:89)
	at com.common.qa.testcases.DCTQuickQuoteTest5.QuickQuoteFlowTest5(DCTQuickQuoteTest5.java:31)
	at java.util.concurrent.FutureTask.run(FutureTask.java:266)
	at java.util.concurrent.Executors$RunnableAdapter.call(Executors.java:511)
	at java.util.concurrent.FutureTask.run(FutureTask.java:266)
	at java.util.concurrent.ThreadPoolExecutor.runWorker(ThreadPoolExecutor.java:1149)
	at java.util.concurrent.ThreadPoolExecutor$Worker.run(ThreadPoolExecutor.java:624)
	at java.lang.Thread.run(Thread.java:748)
... Removed 13 stack frames
</div> <!-- stack-trace -->
                  <em>
(Quick Quote Flow when user add two Prior Claim under prior claim history tab)                  </em>
                </div> <!-- method-content -->
              </div> <!-- method -->
            </div> <!-- main-panel-content rounded-window-bottom -->
          </div> <!-- suite-Suite-class-failed -->
          <div class="suite-Suite-class-failed">
            <div class="main-panel-header rounded-window-top">
              <img src="failed.png"/>
              <span class="class-name">com.common.qa.testcases.DCTQuickQuoteTest4</span>
            </div> <!-- main-panel-header rounded-window-top -->
            <div class="main-panel-content rounded-window-bottom">
              <div class="method">
                <div class="method-content">
                  <a name="QuickQuoteFlowTest4({=, NatureOfPaymentCardProcessingExposure_comment=, FinancialCondition_value=0.4, NatureOfPaymentCar...)">
                  </a> <!-- QuickQuoteFlowTest4({=, NatureOfPaymentCardProcessingExposure_comment=, FinancialCondition_value=0.4, NatureOfPaymentCar...) -->
                  <span class="method-name">QuickQuoteFlowTest4</span>
                  <span class="parameters">({=, NatureOfPaymentCardProcessingExposure_comment=, FinancialCondition_value=0.4, NatureOfPaymentCardProcessingExposure_value=, nyftz=yes, produceremail=crum@test.com, extracoveragecomment=test, insuredcontactemail=test@email.com, YearEstablished=2000, insuredaddress=23, St taken, policyterm=1 Year, Natureofcontent_value=, claimhistorycommants=testing, state=NJ, MaturityOfBusiness_value=0.4, ransomwaresublimitliability=1000, zip=14804, PrivacyandSecurityControls_comment=, ParticipationInRiskControlProgram_value=, ecrimelosssubmitofliability=, fraudulentinvoice=no, noofclaims=1, TerritoryofOperations_value=, testname=QuickQuoteFlowTest4, ecrime=yes, execute=yes, producercontact=1234567891, guidelinedeductible=, domain=www, TerritoryofOperations_comment=, QualityOfManagement_comment=test, ParticipationInRiskControlProgram_comment=, amountpaid=1000, FinancialCondition_comment=test, insuredcontactphone=111-222-3333, additionalcoveragedescription=testing, advancedriskcontrolcomment=advanced risk control test, status=Open, MaturityOfBusiness_comment=testing, lossdate=06/30/2021, dependentbusinesssubmitofliability=, effectivedateTBD=no, NatureOfReputationalRiskExposure_value=, city=New York, accounttype=New, underwritercomment=ok, multimediacoverage=yes, ratablerevenue=10000, effectivedate=6/14/2021, priorclaimlossdate=7/7/2021, ScheduleRatingFactor=1, producerrname=Bhuvanesh, standardpremium=1000, continutitydate=6/14/2021, browser=chrome, PrivacyandSecurityControls_value=, company=The North River Insurance Company, commission=20, ratinglevel=Standard, quoteversiondescription=testing, VolumeOfInformationStored_value=, insuredname=test0804, totalincurred=1000, VolumeOfInformationStored_comment=, yearsofpriorcoverage=20, aggregatelimitofliability=$500,000, QualityOfManagement_value=0.4, naicscode=52421X Insurance Brokers, increasesublimits=no, Natureofcontent_comment=, waitingperiod=10, priorclaimhistorystatus=Open, expandedfirstparty=yes, ransomwarecoinsurance=10, limitanddeductibleoption=one, insuredcontactname=bhuvanesh, NatureOfReputationalRiskExposure_comment=, underwriter=Cheryl Shema, coveragepremiun=1000})</span>
                  <div class="stack-trace">org.openqa.selenium.ElementClickInterceptedException: element click intercepted: Element &lt;input id=&quot;f_lE54F651D5A464B72823F3AACAB32030B37_4_1-inputEl&quot; data-ref=&quot;inputEl&quot; type=&quot;text&quot; fieldref=&quot;LineUnderwritingInput.Underwriter&quot; objectref=&quot;lE54F651D5A464B72823F3AACAB32030B&quot; size=&quot;1&quot; name=&quot;f_lE54F651D5A464B72823F3AACAB32030B37_4_1-inputEl&quot; placeholder=&quot;(Select)&quot; aria-hidden=&quot;false&quot; aria-disabled=&quot;false&quot; role=&quot;combobox&quot; aria-haspopup=&quot;true&quot; aria-expanded=&quot;false&quot; aria-owns=&quot;f_lE54F651D5A464B72823F3AACAB32030B37_4_1-inputEl f_lE54F651D5A464B72823F3AACAB32030B37_4_1-picker-listEl&quot; aria-autocomplete=&quot;list&quot; aria-invalid=&quot;false&quot; aria-readonly=&quot;false&quot; aria-describedby=&quot;f_lE54F651D5A464B72823F3AACAB32030B37_4_1-ariaStatusEl&quot; aria-required=&quot;true&quot; class=&quot;x-form-field x-form-required-field x-form-text x-form-text-default &quot; autocomplete=&quot;off&quot; data-componentid=&quot;f_lE54F651D5A464B72823F3AACAB32030B37_4_1&quot;&gt; is not clickable at point (944, 405). Other element would receive the click: &lt;div id=&quot;workbenchToolbar-innerCt&quot; data-ref=&quot;innerCt&quot; role=&quot;presentation&quot; class=&quot;x-box-inner&quot; style=&quot;width: 1125px; height: 22px;&quot;&gt;...&lt;/div&gt;
  (Session info: chrome=92.0.4515.107)
Build info: version: &apos;3.141.59&apos;, revision: &apos;e82be7d358&apos;, time: &apos;2018-11-14T08:17:03&apos;
System info: host: &apos;BSIKAPUNVM1&apos;, ip: &apos;172.18.42.103&apos;, os.name: &apos;Windows 10&apos;, os.arch: &apos;amd64&apos;, os.version: &apos;10.0&apos;, java.version: &apos;1.8.0_221&apos;
Driver info: org.openqa.selenium.chrome.ChromeDriver
Capabilities {acceptInsecureCerts: false, browserName: chrome, browserVersion: 92.0.4515.107, chrome: {chromedriverVersion: 92.0.4515.43 (8c61b7e2989f2..., userDataDir: C:\Users\BSIKAR~1\AppData\L...}, goog:chromeOptions: {debuggerAddress: localhost:49593}, javascriptEnabled: true, networkConnectionEnabled: false, pageLoadStrategy: normal, platform: WINDOWS, platformName: WINDOWS, proxy: Proxy(), setWindowRect: true, strictFileInteractability: false, timeouts: {implicit: 0, pageLoad: 300000, script: 30000}, unhandledPromptBehavior: dismiss and notify, webauthn:extension:credBlob: true, webauthn:extension:largeBlob: true, webauthn:virtualAuthenticators: true}
Session ID: 40a0a7c094d0c751847eac0e46d8a2cb
	at org.openqa.selenium.remote.http.W3CHttpResponseCodec.createException(W3CHttpResponseCodec.java:187)
	at org.openqa.selenium.remote.http.W3CHttpResponseCodec.decode(W3CHttpResponseCodec.java:122)
	at org.openqa.selenium.remote.http.W3CHttpResponseCodec.decode(W3CHttpResponseCodec.java:49)
	at org.openqa.selenium.remote.HttpCommandExecutor.execute(HttpCommandExecutor.java:158)
	at org.openqa.selenium.remote.service.DriverCommandExecutor.execute(DriverCommandExecutor.java:83)
	at org.openqa.selenium.remote.RemoteWebDriver.execute(RemoteWebDriver.java:552)
	at org.openqa.selenium.remote.RemoteWebElement.execute(RemoteWebElement.java:285)
	at org.openqa.selenium.remote.RemoteWebElement.click(RemoteWebElement.java:84)
	at com.framework.pages.BasePage.sendKeysWithEnter(BasePage.java:57)
	at com.framework.pages.GeneralScreenPage.enterQuickQuoteGenearlInfo(GeneralScreenPage.java:89)
	at com.common.qa.testcases.DCTQuickQuoteTest4.QuickQuoteFlowTest4(DCTQuickQuoteTest4.java:36)
	at java.util.concurrent.FutureTask.run(FutureTask.java:266)
	at java.util.concurrent.Executors$RunnableAdapter.call(Executors.java:511)
	at java.util.concurrent.FutureTask.run(FutureTask.java:266)
	at java.util.concurrent.ThreadPoolExecutor.runWorker(ThreadPoolExecutor.java:1149)
	at java.util.concurrent.ThreadPoolExecutor$Worker.run(ThreadPoolExecutor.java:624)
	at java.lang.Thread.run(Thread.java:748)
... Removed 13 stack frames
</div> <!-- stack-trace -->
                  <em>
(When State is NJ and company is North River then coverger pricing then NJ PLIGA field will be displayed)                  </em>
                </div> <!-- method-content -->
              </div> <!-- method -->
            </div> <!-- main-panel-content rounded-window-bottom -->
          </div> <!-- suite-Suite-class-failed -->
          <div class="suite-Suite-class-failed">
            <div class="main-panel-header rounded-window-top">
              <img src="failed.png"/>
              <span class="class-name">com.common.qa.testcases.DCTQuickQuoteTest2</span>
            </div> <!-- main-panel-header rounded-window-top -->
            <div class="main-panel-content rounded-window-bottom">
              <div class="method">
                <div class="method-content">
                  <a name="QuickQuoteFlowTest2({=, NatureOfPaymentCardProcessingExposure_comment=, FinancialCondition_value=0.5, NatureOfPaymentCar...)">
                  </a> <!-- QuickQuoteFlowTest2({=, NatureOfPaymentCardProcessingExposure_comment=, FinancialCondition_value=0.5, NatureOfPaymentCar...) -->
                  <span class="method-name">QuickQuoteFlowTest2</span>
                  <span class="parameters">({=, NatureOfPaymentCardProcessingExposure_comment=, FinancialCondition_value=0.5, NatureOfPaymentCardProcessingExposure_value=, nyftz=yes, produceremail=crum@test.com, extracoveragecomment=test, insuredcontactemail=test@email.com, YearEstablished=2000, insuredaddress=23, St taken, policyterm=6 Months, Natureofcontent_value=, claimhistorycommants=testing, state=NY, MaturityOfBusiness_value=0.5, ransomwaresublimitliability=1000, zip=14804, PrivacyandSecurityControls_comment=, ParticipationInRiskControlProgram_value=, ecrimelosssubmitofliability=, fraudulentinvoice=no, noofclaims=1, TerritoryofOperations_value=, testname=QuickQuoteFlowTest2, ecrime=yes, execute=yes, producercontact=1234567891, guidelinedeductible=, domain=www, TerritoryofOperations_comment=, QualityOfManagement_comment=, ParticipationInRiskControlProgram_comment=, amountpaid=1000, FinancialCondition_comment=test, insuredcontactphone=111-222-3333, additionalcoveragedescription=testing, advancedriskcontrolcomment=advanced risk control test, status=Open, MaturityOfBusiness_comment=testing, lossdate=06/30/2021, dependentbusinesssubmitofliability=, effectivedateTBD=no, NatureOfReputationalRiskExposure_value=, city=New York, accounttype=New, underwritercomment=ok, multimediacoverage=yes, ratablerevenue=10000, effectivedate=6/14/2021, priorclaimlossdate=7/7/2021, ScheduleRatingFactor=1, producerrname=Bhuvanesh, standardpremium=1000, continutitydate=6/14/2021, browser=chrome, PrivacyandSecurityControls_value=, company=Crum & Forster Specialty Insurance Company, commission=20, ratinglevel=Standard, quoteversiondescription=testing, VolumeOfInformationStored_value=, insuredname=test0716, totalincurred=1000, VolumeOfInformationStored_comment=, yearsofpriorcoverage=20, aggregatelimitofliability=$500,000, QualityOfManagement_value=, naicscode=52421X Insurance Brokers, increasesublimits=no, Natureofcontent_comment=, waitingperiod=10, priorclaimhistorystatus=Close, expandedfirstparty=yes, ransomwarecoinsurance=10, limitanddeductibleoption=one, insuredcontactname=bhuvanesh, NatureOfReputationalRiskExposure_comment=, underwriter=Cheryl Shema, coveragepremiun=1000})</span>
                  <div class="stack-trace">org.openqa.selenium.ElementClickInterceptedException: element click intercepted: Element &lt;input id=&quot;f_l82362BA328C34F07B639E2BD26CC018B37_4_1-inputEl&quot; data-ref=&quot;inputEl&quot; type=&quot;text&quot; fieldref=&quot;LineUnderwritingInput.Underwriter&quot; objectref=&quot;l82362BA328C34F07B639E2BD26CC018B&quot; size=&quot;1&quot; name=&quot;f_l82362BA328C34F07B639E2BD26CC018B37_4_1-inputEl&quot; placeholder=&quot;(Select)&quot; aria-hidden=&quot;false&quot; aria-disabled=&quot;false&quot; role=&quot;combobox&quot; aria-haspopup=&quot;true&quot; aria-expanded=&quot;false&quot; aria-owns=&quot;f_l82362BA328C34F07B639E2BD26CC018B37_4_1-inputEl f_l82362BA328C34F07B639E2BD26CC018B37_4_1-picker-listEl&quot; aria-autocomplete=&quot;list&quot; aria-invalid=&quot;false&quot; aria-readonly=&quot;false&quot; aria-describedby=&quot;f_l82362BA328C34F07B639E2BD26CC018B37_4_1-ariaStatusEl&quot; aria-required=&quot;true&quot; class=&quot;x-form-field x-form-required-field x-form-text x-form-text-default &quot; autocomplete=&quot;off&quot; data-componentid=&quot;f_l82362BA328C34F07B639E2BD26CC018B37_4_1&quot;&gt; is not clickable at point (944, 405). Other element would receive the click: &lt;div id=&quot;workbenchToolbar-innerCt&quot; data-ref=&quot;innerCt&quot; role=&quot;presentation&quot; class=&quot;x-box-inner&quot; style=&quot;width: 1125px; height: 22px;&quot;&gt;...&lt;/div&gt;
  (Session info: chrome=92.0.4515.107)
Build info: version: &apos;3.141.59&apos;, revision: &apos;e82be7d358&apos;, time: &apos;2018-11-14T08:17:03&apos;
System info: host: &apos;BSIKAPUNVM1&apos;, ip: &apos;172.18.42.103&apos;, os.name: &apos;Windows 10&apos;, os.arch: &apos;amd64&apos;, os.version: &apos;10.0&apos;, java.version: &apos;1.8.0_221&apos;
Driver info: org.openqa.selenium.chrome.ChromeDriver
Capabilities {acceptInsecureCerts: false, browserName: chrome, browserVersion: 92.0.4515.107, chrome: {chromedriverVersion: 92.0.4515.43 (8c61b7e2989f2..., userDataDir: C:\Users\BSIKAR~1\AppData\L...}, goog:chromeOptions: {debuggerAddress: localhost:55738}, javascriptEnabled: true, networkConnectionEnabled: false, pageLoadStrategy: normal, platform: WINDOWS, platformName: WINDOWS, proxy: Proxy(), setWindowRect: true, strictFileInteractability: false, timeouts: {implicit: 0, pageLoad: 300000, script: 30000}, unhandledPromptBehavior: dismiss and notify, webauthn:extension:credBlob: true, webauthn:extension:largeBlob: true, webauthn:virtualAuthenticators: true}
Session ID: f7726567543be7a133d2c35934fdf310
	at org.openqa.selenium.remote.http.W3CHttpResponseCodec.createException(W3CHttpResponseCodec.java:187)
	at org.openqa.selenium.remote.http.W3CHttpResponseCodec.decode(W3CHttpResponseCodec.java:122)
	at org.openqa.selenium.remote.http.W3CHttpResponseCodec.decode(W3CHttpResponseCodec.java:49)
	at org.openqa.selenium.remote.HttpCommandExecutor.execute(HttpCommandExecutor.java:158)
	at org.openqa.selenium.remote.service.DriverCommandExecutor.execute(DriverCommandExecutor.java:83)
	at org.openqa.selenium.remote.RemoteWebDriver.execute(RemoteWebDriver.java:552)
	at org.openqa.selenium.remote.RemoteWebElement.execute(RemoteWebElement.java:285)
	at org.openqa.selenium.remote.RemoteWebElement.click(RemoteWebElement.java:84)
	at com.framework.pages.BasePage.sendKeysWithEnter(BasePage.java:57)
	at com.framework.pages.GeneralScreenPage.enterQuickQuoteGenearlInfo(GeneralScreenPage.java:89)
	at com.common.qa.testcases.DCTQuickQuoteTest2.QuickQuoteFlowTest2(DCTQuickQuoteTest2.java:33)
	at java.util.concurrent.FutureTask.run(FutureTask.java:266)
	at java.util.concurrent.Executors$RunnableAdapter.call(Executors.java:511)
	at java.util.concurrent.FutureTask.run(FutureTask.java:266)
	at java.util.concurrent.ThreadPoolExecutor.runWorker(ThreadPoolExecutor.java:1149)
	at java.util.concurrent.ThreadPoolExecutor$Worker.run(ThreadPoolExecutor.java:624)
	at java.lang.Thread.run(Thread.java:748)
... Removed 13 stack frames
</div> <!-- stack-trace -->
                  <em>
(Quick Quote Flow when policy term as 6 months)                  </em>
                </div> <!-- method-content -->
              </div> <!-- method -->
            </div> <!-- main-panel-content rounded-window-bottom -->
          </div> <!-- suite-Suite-class-failed -->
          <div class="suite-Suite-class-failed">
            <div class="main-panel-header rounded-window-top">
              <img src="failed.png"/>
              <span class="class-name">com.common.qa.testcases.DCTQuickQuoteTest3</span>
            </div> <!-- main-panel-header rounded-window-top -->
            <div class="main-panel-content rounded-window-bottom">
              <div class="method">
                <div class="method-content">
                  <a name="QuickQuoteFlowTest3({=, NatureOfPaymentCardProcessingExposure_comment=, FinancialCondition_value=0.5, NatureOfPaymentCar...)">
                  </a> <!-- QuickQuoteFlowTest3({=, NatureOfPaymentCardProcessingExposure_comment=, FinancialCondition_value=0.5, NatureOfPaymentCar...) -->
                  <span class="method-name">QuickQuoteFlowTest3</span>
                  <span class="parameters">({=, NatureOfPaymentCardProcessingExposure_comment=, FinancialCondition_value=0.5, NatureOfPaymentCardProcessingExposure_value=, nyftz=yes, produceremail=crum@test.com, extracoveragecomment=test, insuredcontactemail=test@email.com, YearEstablished=2000, insuredaddress=23, St taken, policyterm=, Natureofcontent_value=, claimhistorycommants=testing, state=NY, MaturityOfBusiness_value=0.5, ransomwaresublimitliability=1000, zip=14804, PrivacyandSecurityControls_comment=, ParticipationInRiskControlProgram_value=, ecrimelosssubmitofliability=, fraudulentinvoice=no, noofclaims=1, TerritoryofOperations_value=, testname=QuickQuoteFlowTest3, ecrime=yes, execute=yes, producercontact=1234567891, guidelinedeductible=, domain=www, TerritoryofOperations_comment=, QualityOfManagement_comment=test, ParticipationInRiskControlProgram_comment=, amountpaid=1000, FinancialCondition_comment=test, insuredcontactphone=111-222-3333, additionalcoveragedescription=testing, advancedriskcontrolcomment=advanced risk control test, status=Open, MaturityOfBusiness_comment=testing, lossdate=06/30/2021, dependentbusinesssubmitofliability=, effectivedateTBD=yes, NatureOfReputationalRiskExposure_value=, city=New York, accounttype=New, underwritercomment=ok, multimediacoverage=yes, ratablerevenue=10000, effectivedate=, priorclaimlossdate=7/7/2021, ScheduleRatingFactor=1, producerrname=Bhuvanesh, standardpremium=1000, continutitydate=, browser=chrome, PrivacyandSecurityControls_value=, company=Crum & Forster Specialty Insurance Company, commission=20, ratinglevel=Standard, quoteversiondescription=testing, VolumeOfInformationStored_value=, insuredname=test0804, totalincurred=1000, VolumeOfInformationStored_comment=, yearsofpriorcoverage=20, aggregatelimitofliability=$500,000, QualityOfManagement_value=0.4, naicscode=52421X Insurance Brokers, increasesublimits=no, Natureofcontent_comment=, waitingperiod=10, priorclaimhistorystatus=Open, expandedfirstparty=yes, ransomwarecoinsurance=10, limitanddeductibleoption=one, insuredcontactname=bhuvanesh, NatureOfReputationalRiskExposure_comment=, underwriter=Cheryl Shema, coveragepremiun=1000})</span>
                  <div class="stack-trace">org.openqa.selenium.ElementClickInterceptedException: element click intercepted: Element &lt;input id=&quot;f_l16509C73140D48779DE0C0419BA0CD1A37_4_1-inputEl&quot; data-ref=&quot;inputEl&quot; type=&quot;text&quot; fieldref=&quot;LineUnderwritingInput.Underwriter&quot; objectref=&quot;l16509C73140D48779DE0C0419BA0CD1A&quot; size=&quot;1&quot; name=&quot;f_l16509C73140D48779DE0C0419BA0CD1A37_4_1-inputEl&quot; placeholder=&quot;(Select)&quot; aria-hidden=&quot;false&quot; aria-disabled=&quot;false&quot; role=&quot;combobox&quot; aria-haspopup=&quot;true&quot; aria-expanded=&quot;false&quot; aria-owns=&quot;f_l16509C73140D48779DE0C0419BA0CD1A37_4_1-inputEl f_l16509C73140D48779DE0C0419BA0CD1A37_4_1-picker-listEl&quot; aria-autocomplete=&quot;list&quot; aria-invalid=&quot;false&quot; aria-readonly=&quot;false&quot; aria-describedby=&quot;f_l16509C73140D48779DE0C0419BA0CD1A37_4_1-ariaStatusEl&quot; aria-required=&quot;true&quot; class=&quot;x-form-field x-form-required-field x-form-text x-form-text-default &quot; autocomplete=&quot;off&quot; data-componentid=&quot;f_l16509C73140D48779DE0C0419BA0CD1A37_4_1&quot;&gt; is not clickable at point (944, 405). Other element would receive the click: &lt;div id=&quot;workbenchToolbar-innerCt&quot; data-ref=&quot;innerCt&quot; role=&quot;presentation&quot; class=&quot;x-box-inner&quot; style=&quot;width: 1125px; height: 22px;&quot;&gt;...&lt;/div&gt;
  (Session info: chrome=92.0.4515.107)
Build info: version: &apos;3.141.59&apos;, revision: &apos;e82be7d358&apos;, time: &apos;2018-11-14T08:17:03&apos;
System info: host: &apos;BSIKAPUNVM1&apos;, ip: &apos;172.18.42.103&apos;, os.name: &apos;Windows 10&apos;, os.arch: &apos;amd64&apos;, os.version: &apos;10.0&apos;, java.version: &apos;1.8.0_221&apos;
Driver info: org.openqa.selenium.chrome.ChromeDriver
Capabilities {acceptInsecureCerts: false, browserName: chrome, browserVersion: 92.0.4515.107, chrome: {chromedriverVersion: 92.0.4515.43 (8c61b7e2989f2..., userDataDir: C:\Users\BSIKAR~1\AppData\L...}, goog:chromeOptions: {debuggerAddress: localhost:53053}, javascriptEnabled: true, networkConnectionEnabled: false, pageLoadStrategy: normal, platform: WINDOWS, platformName: WINDOWS, proxy: Proxy(), setWindowRect: true, strictFileInteractability: false, timeouts: {implicit: 0, pageLoad: 300000, script: 30000}, unhandledPromptBehavior: dismiss and notify, webauthn:extension:credBlob: true, webauthn:extension:largeBlob: true, webauthn:virtualAuthenticators: true}
Session ID: 2f48c1f8bc19bc237b8e0a8cd66300f6
	at org.openqa.selenium.remote.http.W3CHttpResponseCodec.createException(W3CHttpResponseCodec.java:187)
	at org.openqa.selenium.remote.http.W3CHttpResponseCodec.decode(W3CHttpResponseCodec.java:122)
	at org.openqa.selenium.remote.http.W3CHttpResponseCodec.decode(W3CHttpResponseCodec.java:49)
	at org.openqa.selenium.remote.HttpCommandExecutor.execute(HttpCommandExecutor.java:158)
	at org.openqa.selenium.remote.service.DriverCommandExecutor.execute(DriverCommandExecutor.java:83)
	at org.openqa.selenium.remote.RemoteWebDriver.execute(RemoteWebDriver.java:552)
	at org.openqa.selenium.remote.RemoteWebElement.execute(RemoteWebElement.java:285)
	at org.openqa.selenium.remote.RemoteWebElement.click(RemoteWebElement.java:84)
	at com.framework.pages.BasePage.sendKeysWithEnter(BasePage.java:57)
	at com.framework.pages.GeneralScreenPage.enterQuickQuoteGenearlInfo(GeneralScreenPage.java:89)
	at com.common.qa.testcases.DCTQuickQuoteTest3.QuickQuoteFlowTest3(DCTQuickQuoteTest3.java:31)
	at java.util.concurrent.FutureTask.run(FutureTask.java:266)
	at java.util.concurrent.Executors$RunnableAdapter.call(Executors.java:511)
	at java.util.concurrent.FutureTask.run(FutureTask.java:266)
	at java.util.concurrent.ThreadPoolExecutor.runWorker(ThreadPoolExecutor.java:1149)
	at java.util.concurrent.ThreadPoolExecutor$Worker.run(ThreadPoolExecutor.java:624)
	at java.lang.Thread.run(Thread.java:748)
... Removed 13 stack frames
</div> <!-- stack-trace -->
                  <em>
(Quick Quote Flow when selecting Effective date as TBD)                  </em>
                </div> <!-- method-content -->
              </div> <!-- method -->
            </div> <!-- main-panel-content rounded-window-bottom -->
          </div> <!-- suite-Suite-class-failed -->
          <div class="suite-Suite-class-failed">
            <div class="main-panel-header rounded-window-top">
              <img src="failed.png"/>
              <span class="class-name">com.common.qa.testcases.DCTQuickQuoteTest1</span>
            </div> <!-- main-panel-header rounded-window-top -->
            <div class="main-panel-content rounded-window-bottom">
              <div class="method">
                <div class="method-content">
                  <a name="QuickQuoteFlowTest1({=, NatureOfPaymentCardProcessingExposure_comment=, FinancialCondition_value=0.5, NatureOfPaymentCar...)">
                  </a> <!-- QuickQuoteFlowTest1({=, NatureOfPaymentCardProcessingExposure_comment=, FinancialCondition_value=0.5, NatureOfPaymentCar...) -->
                  <span class="method-name">QuickQuoteFlowTest1</span>
                  <span class="parameters">({=, NatureOfPaymentCardProcessingExposure_comment=, FinancialCondition_value=0.5, NatureOfPaymentCardProcessingExposure_value=, nyftz=yes, produceremail=crum@test.com, extracoveragecomment=test, insuredcontactemail=test@email.com, YearEstablished=2000, insuredaddress=23, St taken, policyterm=1 Year, Natureofcontent_value=, claimhistorycommants=testing, state=NY, MaturityOfBusiness_value=0.5, ransomwaresublimitliability=1000, zip=14804, PrivacyandSecurityControls_comment=, ParticipationInRiskControlProgram_value=, ecrimelosssubmitofliability=, fraudulentinvoice=no, noofclaims=1, TerritoryofOperations_value=, testname=QuickQuoteFlowTest1, ecrime=yes, execute=yes, producercontact=1234567891, guidelinedeductible=, domain=www, TerritoryofOperations_comment=, QualityOfManagement_comment=test, ParticipationInRiskControlProgram_comment=, amountpaid=1000, FinancialCondition_comment=test, insuredcontactphone=111-222-3333, additionalcoveragedescription=testing, advancedriskcontrolcomment=advanced risk control test, status=Open, MaturityOfBusiness_comment=testing, lossdate=06/30/2021, dependentbusinesssubmitofliability=, effectivedateTBD=no, NatureOfReputationalRiskExposure_value=, city=New York, accounttype=New, underwritercomment=ok, multimediacoverage=yes, ratablerevenue=10000, effectivedate=6/14/2021, priorclaimlossdate=7/7/2021, ScheduleRatingFactor=1, producerrname=Bhuvanesh, standardpremium=1000, continutitydate=6/14/2021, browser=chrome, PrivacyandSecurityControls_value=, company=Crum & Forster Specialty Insurance Company, commission=20, ratinglevel=Standard, quoteversiondescription=testing, VolumeOfInformationStored_value=, insuredname=test0716, totalincurred=1000, VolumeOfInformationStored_comment=, yearsofpriorcoverage=20, aggregatelimitofliability=$500,000, QualityOfManagement_value=0.4, naicscode=52421X Insurance Brokers, increasesublimits=no, Natureofcontent_comment=, waitingperiod=10, priorclaimhistorystatus=Open, expandedfirstparty=yes, ransomwarecoinsurance=10, limitanddeductibleoption=one, insuredcontactname=bhuvanesh, NatureOfReputationalRiskExposure_comment=, underwriter=Cheryl Shema, coveragepremiun=1000})</span>
                  <div class="stack-trace">org.openqa.selenium.ElementClickInterceptedException: element click intercepted: Element &lt;input id=&quot;f_lE9F9C5F232414B99BAF95414938C036B37_4_1-inputEl&quot; data-ref=&quot;inputEl&quot; type=&quot;text&quot; fieldref=&quot;LineUnderwritingInput.Underwriter&quot; objectref=&quot;lE9F9C5F232414B99BAF95414938C036B&quot; size=&quot;1&quot; name=&quot;f_lE9F9C5F232414B99BAF95414938C036B37_4_1-inputEl&quot; placeholder=&quot;(Select)&quot; aria-hidden=&quot;false&quot; aria-disabled=&quot;false&quot; role=&quot;combobox&quot; aria-haspopup=&quot;true&quot; aria-expanded=&quot;false&quot; aria-owns=&quot;f_lE9F9C5F232414B99BAF95414938C036B37_4_1-inputEl f_lE9F9C5F232414B99BAF95414938C036B37_4_1-picker-listEl&quot; aria-autocomplete=&quot;list&quot; aria-invalid=&quot;false&quot; aria-readonly=&quot;false&quot; aria-describedby=&quot;f_lE9F9C5F232414B99BAF95414938C036B37_4_1-ariaStatusEl&quot; aria-required=&quot;true&quot; class=&quot;x-form-field x-form-required-field x-form-text x-form-text-default &quot; autocomplete=&quot;off&quot; data-componentid=&quot;f_lE9F9C5F232414B99BAF95414938C036B37_4_1&quot;&gt; is not clickable at point (944, 405). Other element would receive the click: &lt;div id=&quot;workbenchToolbar-innerCt&quot; data-ref=&quot;innerCt&quot; role=&quot;presentation&quot; class=&quot;x-box-inner&quot; style=&quot;width: 1125px; height: 22px;&quot;&gt;...&lt;/div&gt;
  (Session info: chrome=92.0.4515.107)
Build info: version: &apos;3.141.59&apos;, revision: &apos;e82be7d358&apos;, time: &apos;2018-11-14T08:17:03&apos;
System info: host: &apos;BSIKAPUNVM1&apos;, ip: &apos;172.18.42.103&apos;, os.name: &apos;Windows 10&apos;, os.arch: &apos;amd64&apos;, os.version: &apos;10.0&apos;, java.version: &apos;1.8.0_221&apos;
Driver info: org.openqa.selenium.chrome.ChromeDriver
Capabilities {acceptInsecureCerts: false, browserName: chrome, browserVersion: 92.0.4515.107, chrome: {chromedriverVersion: 92.0.4515.43 (8c61b7e2989f2..., userDataDir: C:\Users\BSIKAR~1\AppData\L...}, goog:chromeOptions: {debuggerAddress: localhost:55737}, javascriptEnabled: true, networkConnectionEnabled: false, pageLoadStrategy: normal, platform: WINDOWS, platformName: WINDOWS, proxy: Proxy(), setWindowRect: true, strictFileInteractability: false, timeouts: {implicit: 0, pageLoad: 300000, script: 30000}, unhandledPromptBehavior: dismiss and notify, webauthn:extension:credBlob: true, webauthn:extension:largeBlob: true, webauthn:virtualAuthenticators: true}
Session ID: 9509a81322fa6a1052784d093d115c70
	at org.openqa.selenium.remote.http.W3CHttpResponseCodec.createException(W3CHttpResponseCodec.java:187)
	at org.openqa.selenium.remote.http.W3CHttpResponseCodec.decode(W3CHttpResponseCodec.java:122)
	at org.openqa.selenium.remote.http.W3CHttpResponseCodec.decode(W3CHttpResponseCodec.java:49)
	at org.openqa.selenium.remote.HttpCommandExecutor.execute(HttpCommandExecutor.java:158)
	at org.openqa.selenium.remote.service.DriverCommandExecutor.execute(DriverCommandExecutor.java:83)
	at org.openqa.selenium.remote.RemoteWebDriver.execute(RemoteWebDriver.java:552)
	at org.openqa.selenium.remote.RemoteWebElement.execute(RemoteWebElement.java:285)
	at org.openqa.selenium.remote.RemoteWebElement.click(RemoteWebElement.java:84)
	at com.framework.pages.BasePage.sendKeysWithEnter(BasePage.java:57)
	at com.framework.pages.GeneralScreenPage.enterQuickQuoteGenearlInfo(GeneralScreenPage.java:89)
	at com.common.qa.testcases.DCTQuickQuoteTest1.QuickQuoteFlowTest1(DCTQuickQuoteTest1.java:31)
	at java.util.concurrent.FutureTask.run(FutureTask.java:266)
	at java.util.concurrent.Executors$RunnableAdapter.call(Executors.java:511)
	at java.util.concurrent.FutureTask.run(FutureTask.java:266)
	at java.util.concurrent.ThreadPoolExecutor.runWorker(ThreadPoolExecutor.java:1149)
	at java.util.concurrent.ThreadPoolExecutor$Worker.run(ThreadPoolExecutor.java:624)
	at java.lang.Thread.run(Thread.java:748)
... Removed 13 stack frames
</div> <!-- stack-trace -->
                  <em>
(Quick Quote Flow when policy term as 1 year)                  </em>
                </div> <!-- method-content -->
              </div> <!-- method -->
            </div> <!-- main-panel-content rounded-window-bottom -->
          </div> <!-- suite-Suite-class-failed -->
        </div> <!-- panel Suite -->
        <div panel-name="test-xml-Suite" class="panel">
          <div class="main-panel-header rounded-window-top">
            <span class="header-content">C:\Users\bsikarwar\eclipse-workspace\CyberToDCTAutomation\testng.xml</span>
          </div> <!-- main-panel-header rounded-window-top -->
          <div class="main-panel-content rounded-window-bottom">
            <pre>
&lt;?xml version=&quot;1.0&quot; encoding=&quot;UTF-8&quot;?&gt;
&lt;!DOCTYPE suite SYSTEM &quot;http://testng.org/testng-1.0.dtd&quot;&gt;
&lt;suite guice-stage=&quot;DEVELOPMENT&quot; name=&quot;Suite&quot; data-provider-thread-count=&quot;2&quot;&gt;
  &lt;listeners&gt;
    &lt;listener class-name=&quot;com.framework.listeners.ListenerClass&quot;/&gt;
    &lt;listener class-name=&quot;com.framework.listeners.MetholdInterceptor&quot;/&gt;
    &lt;listener class-name=&quot;com.framework.listeners.AnnotationTransformer&quot;/&gt;
  &lt;/listeners&gt;
  &lt;test thread-count=&quot;2&quot; name=&quot;Test&quot; parallel=&quot;classes&quot;&gt;
    &lt;classes&gt;
      &lt;class name=&quot;com.common.qa.testcases.DCTQuickQuoteTest1&quot;/&gt;
      &lt;class name=&quot;com.common.qa.testcases.DCTQuickQuoteTest2&quot;/&gt;
      &lt;class name=&quot;com.common.qa.testcases.DCTQuickQuoteTest3&quot;/&gt;
      &lt;class name=&quot;com.common.qa.testcases.DCTQuickQuoteTest4&quot;/&gt;
      &lt;class name=&quot;com.common.qa.testcases.DCTQuickQuoteTest5&quot;/&gt;
    &lt;/classes&gt;
  &lt;/test&gt; &lt;!-- Test --&gt;
&lt;/suite&gt; &lt;!-- Suite --&gt;
            </pre>
          </div> <!-- main-panel-content rounded-window-bottom -->
        </div> <!-- panel -->
        <div panel-name="testlist-Suite" class="panel">
          <div class="main-panel-header rounded-window-top">
            <span class="header-content">Tests for Suite</span>
          </div> <!-- main-panel-header rounded-window-top -->
          <div class="main-panel-content rounded-window-bottom">
            <ul>
              <li>
                <span class="test-name">Test (5 classes)</span>
              </li>
            </ul>
          </div> <!-- main-panel-content rounded-window-bottom -->
        </div> <!-- panel -->
        <div panel-name="group-Suite" class="panel">
          <div class="main-panel-header rounded-window-top">
            <span class="header-content">Groups for Suite</span>
          </div> <!-- main-panel-header rounded-window-top -->
          <div class="main-panel-content rounded-window-bottom">
          </div> <!-- main-panel-content rounded-window-bottom -->
        </div> <!-- panel -->
        <div panel-name="times-Suite" class="panel">
          <div class="main-panel-header rounded-window-top">
            <span class="header-content">Times for Suite</span>
          </div> <!-- main-panel-header rounded-window-top -->
          <div class="main-panel-content rounded-window-bottom">
            <div class="times-div">
              <script type="text/javascript">
suiteTableInitFunctions.push('tableData_Suite');
function tableData_Suite() {
var data = new google.visualization.DataTable();
data.addColumn('number', 'Number');
data.addColumn('string', 'Method');
data.addColumn('string', 'Class');
data.addColumn('number', 'Time (ms)');
data.addRows(5);
data.setCell(0, 0, 0)
data.setCell(0, 1, 'QuickQuoteFlowTest3')
data.setCell(0, 2, 'com.common.qa.testcases.DCTQuickQuoteTest3')
data.setCell(0, 3, 28289);
data.setCell(1, 0, 1)
data.setCell(1, 1, 'QuickQuoteFlowTest1')
data.setCell(1, 2, 'com.common.qa.testcases.DCTQuickQuoteTest1')
data.setCell(1, 3, 27962);
data.setCell(2, 0, 2)
data.setCell(2, 1, 'QuickQuoteFlowTest2')
data.setCell(2, 2, 'com.common.qa.testcases.DCTQuickQuoteTest2')
data.setCell(2, 3, 26885);
data.setCell(3, 0, 3)
data.setCell(3, 1, 'QuickQuoteFlowTest4')
data.setCell(3, 2, 'com.common.qa.testcases.DCTQuickQuoteTest4')
data.setCell(3, 3, 24614);
data.setCell(4, 0, 4)
data.setCell(4, 1, 'QuickQuoteFlowTest5')
data.setCell(4, 2, 'com.common.qa.testcases.DCTQuickQuoteTest5')
data.setCell(4, 3, 23448);
window.suiteTableData['Suite']= { tableData: data, tableDiv: 'times-div-Suite'}
return data;
}
              </script>
              <span class="suite-total-time">Total running time: 2 minutes</span>
              <div id="times-div-Suite">
              </div> <!-- times-div-Suite -->
            </div> <!-- times-div -->
          </div> <!-- main-panel-content rounded-window-bottom -->
        </div> <!-- panel -->
        <div panel-name="reporter-Suite" class="panel">
          <div class="main-panel-header rounded-window-top">
            <span class="header-content">Reporter output for Suite</span>
          </div> <!-- main-panel-header rounded-window-top -->
          <div class="main-panel-content rounded-window-bottom">
          </div> <!-- main-panel-content rounded-window-bottom -->
        </div> <!-- panel -->
        <div panel-name="ignored-methods-Suite" class="panel">
          <div class="main-panel-header rounded-window-top">
            <span class="header-content">0 ignored methods</span>
          </div> <!-- main-panel-header rounded-window-top -->
          <div class="main-panel-content rounded-window-bottom">
          </div> <!-- main-panel-content rounded-window-bottom -->
        </div> <!-- panel -->
        <div panel-name="chronological-Suite" class="panel">
          <div class="main-panel-header rounded-window-top">
            <span class="header-content">Methods in chronological order</span>
          </div> <!-- main-panel-header rounded-window-top -->
          <div class="main-panel-content rounded-window-bottom">
            <div class="chronological-class">
              <div class="chronological-class-name">com.common.qa.testcases.DCTQuickQuoteTest1</div> <!-- chronological-class-name -->
              <div class="configuration-method before">
                <span class="method-name">setUp([{=, NatureOfPaymentCardProcessingExposure_comment=, FinancialCondition_value=0.5, NatureOfPaymentCa...)</span>
                <span class="method-start">0 ms</span>
              </div> <!-- configuration-method before -->
            </div> <!-- chronological-class -->
            <div class="chronological-class">
              <div class="chronological-class-name">com.common.qa.testcases.DCTQuickQuoteTest2</div> <!-- chronological-class-name -->
              <div class="configuration-method before">
                <span class="method-name">setUp([{=, NatureOfPaymentCardProcessingExposure_comment=, FinancialCondition_value=0.5, NatureOfPaymentCa...)</span>
                <span class="method-start">0 ms</span>
              </div> <!-- configuration-method before -->
            </div> <!-- chronological-class -->
            <div class="chronological-class">
              <div class="chronological-class-name">com.common.qa.testcases.DCTQuickQuoteTest1</div> <!-- chronological-class-name -->
              <div class="test-method">
                <img src="failed.png">
                </img>
                <span class="method-name">QuickQuoteFlowTest1({=, NatureOfPaymentCardProcessingExposure_comment=, FinancialCondition_value=0.5, NatureOfPaymentCar...)</span>
                <span class="method-start">8687 ms</span>
              </div> <!-- test-method -->
            </div> <!-- chronological-class -->
            <div class="chronological-class">
              <div class="chronological-class-name">com.common.qa.testcases.DCTQuickQuoteTest2</div> <!-- chronological-class-name -->
              <div class="test-method">
                <img src="failed.png">
                </img>
                <span class="method-name">QuickQuoteFlowTest2({=, NatureOfPaymentCardProcessingExposure_comment=, FinancialCondition_value=0.5, NatureOfPaymentCar...)</span>
                <span class="method-start">9075 ms</span>
              </div> <!-- test-method -->
              <div class="configuration-method after">
                <span class="method-name">tearDown</span>
                <span class="method-start">36060 ms</span>
              </div> <!-- configuration-method after -->
            </div> <!-- chronological-class -->
            <div class="chronological-class">
              <div class="chronological-class-name">com.common.qa.testcases.DCTQuickQuoteTest1</div> <!-- chronological-class-name -->
              <div class="configuration-method after">
                <span class="method-name">tearDown</span>
                <span class="method-start">36721 ms</span>
              </div> <!-- configuration-method after -->
            </div> <!-- chronological-class -->
            <div class="chronological-class">
              <div class="chronological-class-name">com.common.qa.testcases.DCTQuickQuoteTest3</div> <!-- chronological-class-name -->
              <div class="configuration-method before">
                <span class="method-name">setUp([{=, NatureOfPaymentCardProcessingExposure_comment=, FinancialCondition_value=0.5, NatureOfPaymentCa...)</span>
                <span class="method-start">37259 ms</span>
              </div> <!-- configuration-method before -->
            </div> <!-- chronological-class -->
            <div class="chronological-class">
              <div class="chronological-class-name">com.common.qa.testcases.DCTQuickQuoteTest4</div> <!-- chronological-class-name -->
              <div class="configuration-method before">
                <span class="method-name">setUp([{=, NatureOfPaymentCardProcessingExposure_comment=, FinancialCondition_value=0.4, NatureOfPaymentCa...)</span>
                <span class="method-start">38343 ms</span>
              </div> <!-- configuration-method before -->
            </div> <!-- chronological-class -->
            <div class="chronological-class">
              <div class="chronological-class-name">com.common.qa.testcases.DCTQuickQuoteTest3</div> <!-- chronological-class-name -->
              <div class="test-method">
                <img src="failed.png">
                </img>
                <span class="method-name">QuickQuoteFlowTest3({=, NatureOfPaymentCardProcessingExposure_comment=, FinancialCondition_value=0.5, NatureOfPaymentCar...)</span>
                <span class="method-start">41802 ms</span>
              </div> <!-- test-method -->
            </div> <!-- chronological-class -->
            <div class="chronological-class">
              <div class="chronological-class-name">com.common.qa.testcases.DCTQuickQuoteTest4</div> <!-- chronological-class-name -->
              <div class="test-method">
                <img src="failed.png">
                </img>
                <span class="method-name">QuickQuoteFlowTest4({=, NatureOfPaymentCardProcessingExposure_comment=, FinancialCondition_value=0.4, NatureOfPaymentCar...)</span>
                <span class="method-start">44775 ms</span>
              </div> <!-- test-method -->
              <div class="configuration-method after">
                <span class="method-name">tearDown</span>
                <span class="method-start">69452 ms</span>
              </div> <!-- configuration-method after -->
            </div> <!-- chronological-class -->
            <div class="chronological-class">
              <div class="chronological-class-name">com.common.qa.testcases.DCTQuickQuoteTest3</div> <!-- chronological-class-name -->
              <div class="configuration-method after">
                <span class="method-name">tearDown</span>
                <span class="method-start">70189 ms</span>
              </div> <!-- configuration-method after -->
            </div> <!-- chronological-class -->
            <div class="chronological-class">
              <div class="chronological-class-name">com.common.qa.testcases.DCTQuickQuoteTest5</div> <!-- chronological-class-name -->
              <div class="configuration-method before">
                <span class="method-name">setUp([{=, NatureOfPaymentCardProcessingExposure_comment=, FinancialCondition_value=0.4, NatureOfPaymentCa...)</span>
                <span class="method-start">70694 ms</span>
              </div> <!-- configuration-method before -->
              <div class="test-method">
                <img src="failed.png">
                </img>
                <span class="method-name">QuickQuoteFlowTest5({=, NatureOfPaymentCardProcessingExposure_comment=, FinancialCondition_value=0.4, NatureOfPaymentCar...)</span>
                <span class="method-start">74505 ms</span>
              </div> <!-- test-method -->
              <div class="configuration-method after">
                <span class="method-name">tearDown</span>
                <span class="method-start">98015 ms</span>
              </div> <!-- configuration-method after -->
          </div> <!-- main-panel-content rounded-window-bottom -->
        </div> <!-- panel -->
      </div> <!-- main-panel-root -->
    </div> <!-- wrapper -->
  </body>
</html>
