<?xml version="1.0" encoding="UTF-8"?>
<testng-results skipped="0" failed="1" ignored="0" total="1" passed="0">
  <reporter-output>
  </reporter-output>
  <suite name="Suite" duration-ms="66932" started-at="2021-08-02T06:06:27Z" finished-at="2021-08-02T06:07:34Z">
    <groups>
    </groups>
    <test name="Test" duration-ms="66932" started-at="2021-08-02T06:06:27Z" finished-at="2021-08-02T06:07:34Z">
      <class name="com.common.qa.testcases.DCTQuickQuoteTest">
        <test-method status="PASS" signature="setUp([Ljava.lang.Object;)[pri:0, instance:com.common.qa.testcases.DCTQuickQuoteTest@1a968a59]" name="setUp" is-config="true" duration-ms="5419" started-at="2021-08-02T06:06:28Z" finished-at="2021-08-02T06:06:34Z">
          <params>
            <param index="0">
              <value>
                <![CDATA[[Ljava.lang.Object;@7e3181aa]]>
              </value>
            </param>
          </params>
          <reporter-output>
          </reporter-output>
        </test-method> <!-- setUp -->
        <test-method status="FAIL" signature="DCTQuickQuoteFlowTest(java.util.Map)[pri:0, instance:com.common.qa.testcases.DCTQuickQuoteTest@1a968a59]" name="DCTQuickQuoteFlowTest" duration-ms="59292" started-at="2021-08-02T06:06:34Z" description="To check whether user is able to enter values in General and Prior Claim History Page on Chrome browser" finished-at="2021-08-02T06:07:33Z">
          <params>
            <param index="0">
              <value>
                <![CDATA[{=, NatureOfPaymentCardProcessingExposure_comment=, FinancialCondition_value=0.5, NatureOfPaymentCardProcessingExposure_value=, nyftz=yes, produceremail=crum@test.com, extracoveragecomment=test, insuredcontactemail=test@email.com, YearEstablished=2000, insuredaddress=23, St taken, Natureofcontent_value=, claimhistorycommants=testing, state=NY, MaturityOfBusiness_value=0.5, ransomwaresublimitliability=1000, zip=14804, PrivacyandSecurityControls_comment=, ParticipationInRiskControlProgram_value=, ecrimelosssubmitofliability=, fraudulentinvoice=no, noofclaims=1, TerritoryofOperations_value=, testname=DCTQuickQuoteFlowTest, ecrime=yes, execute=yes, producercontact=1234567891, guidelinedeductible=, domain=www, TerritoryofOperations_comment=, QualityOfManagement_comment=test, ParticipationInRiskControlProgram_comment=, amountpaid=1000, FinancialCondition_comment=test, insuredcontactphone=111-222-3333, additionalcoveragedescription=testing, status=Open, MaturityOfBusiness_comment=testing, lossdate=06/30/2021, dependentbusinesssubmitofliability=, NatureOfReputationalRiskExposure_value=, city=New York, accounttype=New, underwritercomment=ok, multimediacoverage=yes, ratablerevenue=10000, effectivedate=6/14/2021, priorclaimlossdate=7/7/2021, ScheduleRatingFactor=1, producerrname=Bhuvanesh, standardpremium=1000, continutitydate=6/14/2021, browser=chrome, PrivacyandSecurityControls_value=, company=Crum & Forster Specialty Insurance Company, commission=20, ratinglevel=Standard, quoteversiondescription=testing, VolumeOfInformationStored_value=, insuredname=test0716, totalincurred=1000, VolumeOfInformationStored_comment=, yearsofpriorcoverage=20, aggregatelimitofliability=$500,000, QualityOfManagement_value=0.4, naicscode=52421X Insurance Brokers, increasesublimits=no, Natureofcontent_comment=, waitingperiod=10, priorclaimhistorystatus=Open, expandedfirstparty=yes, ransomwarecoinsurance=1000, limitanddeductibleoption=one, insuredcontactname=bhuvanesh, NatureOfReputationalRiskExposure_comment=, underwriter=Cheryl Shema, coveragepremiun=1000}]]>
              </value>
            </param>
          </params>
          <exception class="org.openqa.selenium.TimeoutException">
            <message>
              <![CDATA[Expected condition failed: waiting for presence of element located by: By.xpath: //input[@fieldref='Mods.TotalMods'] (tried for 10 second(s) with 500 milliseconds interval)]]>
            </message>
            <full-stacktrace>
              <![CDATA[org.openqa.selenium.TimeoutException: Expected condition failed: waiting for presence of element located by: By.xpath: //input[@fieldref='Mods.TotalMods'] (tried for 10 second(s) with 500 milliseconds interval)
at org.openqa.selenium.support.ui.WebDriverWait.timeoutException(WebDriverWait.java:95)
at org.openqa.selenium.support.ui.FluentWait.until(FluentWait.java:272)
at com.framework.factories.ExplicitWaitFactory.performExplicitWait(ExplicitWaitFactory.java:23)
at com.framework.pages.BasePage.sendKeys(BasePage.java:31)
at com.framework.pages.CoveragePricingPage.enterScheduleandRatingValues(CoveragePricingPage.java:135)
at com.common.qa.testcases.DCTQuickQuoteTest.DCTQuickQuoteFlowTest(DCTQuickQuoteTest.java:49)
at sun.reflect.NativeMethodAccessorImpl.invoke0(Native Method)
at sun.reflect.NativeMethodAccessorImpl.invoke(NativeMethodAccessorImpl.java:62)
at sun.reflect.DelegatingMethodAccessorImpl.invoke(DelegatingMethodAccessorImpl.java:43)
at java.lang.reflect.Method.invoke(Method.java:498)
at org.testng.internal.MethodInvocationHelper.invokeMethod(MethodInvocationHelper.java:124)
at org.testng.internal.Invoker.invokeMethod(Invoker.java:583)
at org.testng.internal.Invoker.invokeTestMethod(Invoker.java:719)
at org.testng.internal.TestMethodWithDataProviderMethodWorker.call(TestMethodWithDataProviderMethodWorker.java:71)
at org.testng.internal.TestMethodWithDataProviderMethodWorker.call(TestMethodWithDataProviderMethodWorker.java:14)
at java.util.concurrent.FutureTask.run(FutureTask.java:266)
at java.util.concurrent.Executors$RunnableAdapter.call(Executors.java:511)
at java.util.concurrent.FutureTask.run(FutureTask.java:266)
at java.util.concurrent.ThreadPoolExecutor.runWorker(ThreadPoolExecutor.java:1149)
at java.util.concurrent.ThreadPoolExecutor$Worker.run(ThreadPoolExecutor.java:624)
at java.lang.Thread.run(Thread.java:748)
Caused by: org.openqa.selenium.NoSuchElementException: no such element: Unable to locate element: {"method":"xpath","selector":"//input[@fieldref='Mods.TotalMods']"}
  (Session info: chrome=92.0.4515.107)
For documentation on this error, please visit: https://www.seleniumhq.org/exceptions/no_such_element.html
Build info: version: '3.141.59', revision: 'e82be7d358', time: '2018-11-14T08:17:03'
System info: host: 'BSIKAPUNVM1', ip: '172.18.42.103', os.name: 'Windows 10', os.arch: 'amd64', os.version: '10.0', java.version: '1.8.0_221'
Driver info: org.openqa.selenium.chrome.ChromeDriver
Capabilities {acceptInsecureCerts: false, browserName: chrome, browserVersion: 92.0.4515.107, chrome: {chromedriverVersion: 92.0.4515.43 (8c61b7e2989f2..., userDataDir: C:\Users\BSIKAR~1\AppData\L...}, goog:chromeOptions: {debuggerAddress: localhost:51811}, javascriptEnabled: true, networkConnectionEnabled: false, pageLoadStrategy: normal, platform: WINDOWS, platformName: WINDOWS, proxy: Proxy(), setWindowRect: true, strictFileInteractability: false, timeouts: {implicit: 0, pageLoad: 300000, script: 30000}, unhandledPromptBehavior: dismiss and notify, webauthn:extension:credBlob: true, webauthn:extension:largeBlob: true, webauthn:virtualAuthenticators: true}
Session ID: 9100ada37fcd5646f88a6b11b557cd51
*** Element info: {Using=xpath, value=//input[@fieldref='Mods.TotalMods']}
at sun.reflect.NativeConstructorAccessorImpl.newInstance0(Native Method)
at sun.reflect.NativeConstructorAccessorImpl.newInstance(NativeConstructorAccessorImpl.java:62)
at sun.reflect.DelegatingConstructorAccessorImpl.newInstance(DelegatingConstructorAccessorImpl.java:45)
at java.lang.reflect.Constructor.newInstance(Constructor.java:423)
at org.openqa.selenium.remote.http.W3CHttpResponseCodec.createException(W3CHttpResponseCodec.java:187)
at org.openqa.selenium.remote.http.W3CHttpResponseCodec.decode(W3CHttpResponseCodec.java:122)
at org.openqa.selenium.remote.http.W3CHttpResponseCodec.decode(W3CHttpResponseCodec.java:49)
at org.openqa.selenium.remote.HttpCommandExecutor.execute(HttpCommandExecutor.java:158)
at org.openqa.selenium.remote.service.DriverCommandExecutor.execute(DriverCommandExecutor.java:83)
at org.openqa.selenium.remote.RemoteWebDriver.execute(RemoteWebDriver.java:552)
at org.openqa.selenium.remote.RemoteWebDriver.findElement(RemoteWebDriver.java:323)
at org.openqa.selenium.remote.RemoteWebDriver.findElementByXPath(RemoteWebDriver.java:428)
at org.openqa.selenium.By$ByXPath.findElement(By.java:353)
at org.openqa.selenium.remote.RemoteWebDriver.findElement(RemoteWebDriver.java:315)
at org.openqa.selenium.support.ui.ExpectedConditions$6.apply(ExpectedConditions.java:182)
at org.openqa.selenium.support.ui.ExpectedConditions$6.apply(ExpectedConditions.java:179)
at org.openqa.selenium.support.ui.FluentWait.until(FluentWait.java:249)
... 19 more
]]>
            </full-stacktrace>
          </exception> <!-- org.openqa.selenium.TimeoutException -->
          <reporter-output>
          </reporter-output>
        </test-method> <!-- DCTQuickQuoteFlowTest -->
        <test-method status="PASS" signature="tearDown()[pri:0, instance:com.common.qa.testcases.DCTQuickQuoteTest@1a968a59]" name="tearDown" is-config="true" duration-ms="1047" started-at="2021-08-02T06:07:33Z" finished-at="2021-08-02T06:07:34Z">
          <reporter-output>
          </reporter-output>
        </test-method> <!-- tearDown -->
      </class> <!-- com.common.qa.testcases.DCTQuickQuoteTest -->
    </test> <!-- Test -->
  </suite> <!-- Suite -->
</testng-results>
