<?xml version="1.0" encoding="UTF-8"?>
<!-- Generated by org.testng.reporters.JUnitReportReporter -->
<testsuite skipped="0" hostname="BSIKAPUNVM1" name="com.tests.HomePageTest" tests="1" failures="1" timestamp="13 May 2021 19:32:56 GMT" time="6.788" errors="0">
  <testcase name="test3" time="6.788" classname="com.tests.HomePageTest">
    <failure type="java.lang.AssertionError" message="
Expecting:
 &lt;&quot;Testing Mini Bytes - YouTube - Google Search&quot;&gt;
not to contain (ignoring case):
 &lt;&quot;google search&quot;&gt;
">
      <![CDATA[java.lang.AssertionError: 
Expecting:
 <"Testing Mini Bytes - YouTube - Google Search">
not to contain (ignoring case):
 <"google search">

at com.tests.HomePageTest.test3(HomePageTest.java:28)
at sun.reflect.NativeMethodAccessorImpl.invoke0(Native Method)
at sun.reflect.NativeMethodAccessorImpl.invoke(NativeMethodAccessorImpl.java:62)
at sun.reflect.DelegatingMethodAccessorImpl.invoke(DelegatingMethodAccessorImpl.java:43)
at java.lang.reflect.Method.invoke(Method.java:498)
at org.testng.internal.MethodInvocationHelper.invokeMethod(MethodInvocationHelper.java:124)
at org.testng.internal.Invoker.invokeMethod(Invoker.java:583)
at org.testng.internal.Invoker.invokeTestMethod(Invoker.java:719)
at org.testng.internal.Invoker.invokeTestMethods(Invoker.java:989)
at org.testng.internal.TestMethodWorker.invokeTestMethods(TestMethodWorker.java:125)
at org.testng.internal.TestMethodWorker.run(TestMethodWorker.java:109)
at java.util.concurrent.ThreadPoolExecutor.runWorker(ThreadPoolExecutor.java:1149)
at java.util.concurrent.ThreadPoolExecutor$Worker.run(ThreadPoolExecutor.java:624)
at java.lang.Thread.run(Thread.java:748)
]]>
    </failure>
  </testcase> <!-- test3 -->
</testsuite> <!-- com.tests.HomePageTest -->
